New log file opened at Wed Nov 25 15:37:39 CET 2015 by 2504@3dlab9
Sending msg to client play-fork-run-2cefe975-68bb-48de-abac-36656fa95a20: DetachedLogEvent(LogMessage(debug,sbt server socket logs are in: Z:\5 Semester\WebTechnologien\Git Play\WebTechPlay\Play\UChess beta\.sbtserver\connections\master.log))
Sending msg to client play-fork-run-2cefe975-68bb-48de-abac-36656fa95a20: DetachedLogEvent(LogMessage(debug,sbt general server logs are in: Z:\5 Semester\WebTechnologien\Git Play\WebTechPlay\Play\UChess beta\.sbtserver\master.log))
Sending msg to client play-fork-run-2cefe975-68bb-48de-abac-36656fa95a20: DetachedLogEvent(LogMessage(debug,sbt client logs are in: Z:\5 Semester\WebTechnologien\Git Play\WebTechPlay\Play\UChess beta\.sbtserver\connections\play-fork-run-2cefe975-68bb-48de-abac-36656fa95a20.log))
Reading next message from client.
Got request: DaemonRequest(true)
Reading next message from client.
Sending msg to client play-fork-run-2cefe975-68bb-48de-abac-36656fa95a20: (3,ReceivedResponse())
Got request: ListenToEvents()
Reading next message from client.
Sending msg to client play-fork-run-2cefe975-68bb-48de-abac-36656fa95a20: BackgroundJobStarted(25,BackgroundJobInfo(2,backgroundRun,AttributeKey[sbt.BackgroundJobHandle]("backgroundRun") in Scope(Build: file:/Z:/5%20Semester/WebTechnologien/Git%20Play/WebTechPlay/Play/UChess%20beta/, , Project: ProjectReference(file:/Z:/5%20Semester/WebTechnologien/Git%20Play/WebTechPlay/Play/UChess%20beta/,root), Config: compile)))
Sending msg to client play-fork-run-2cefe975-68bb-48de-abac-36656fa95a20: (4,ReceivedResponse())
Got request: KeyLookupRequest(root/playForkConfig)
Reading next message from client.
Sending msg to client play-fork-run-2cefe975-68bb-48de-abac-36656fa95a20: (5,KeyLookupResponse(root/playForkConfig,Vector(AttributeKey[play.forkrun.protocol.ForkConfig]("playForkConfig") in Scope(Build: file:/Z:/5%20Semester/WebTechnologien/Git%20Play/WebTechPlay/Play/UChess%20beta/, , Project: ProjectReference(file:/Z:/5%20Semester/WebTechnologien/Git%20Play/WebTechPlay/Play/UChess%20beta/,root)))))
Got request: ListenToValue(AttributeKey[play.forkrun.protocol.ForkConfig]("playForkConfig") in Scope(Build: file:/Z:/5%20Semester/WebTechnologien/Git%20Play/WebTechPlay/Play/UChess%20beta/, , Project: ProjectReference(file:/Z:/5%20Semester/WebTechnologien/Git%20Play/WebTechPlay/Play/UChess%20beta/,root)))
Reading next message from client.
Sending msg to client play-fork-run-2cefe975-68bb-48de-abac-36656fa95a20: (6,ReceivedResponse())
Got request: KeyExecutionRequest(AttributeKey[play.forkrun.protocol.ForkConfig]("playForkConfig") in Scope(Build: file:/Z:/5%20Semester/WebTechnologien/Git%20Play/WebTechPlay/Play/UChess%20beta/, , Project: ProjectReference(file:/Z:/5%20Semester/WebTechnologien/Git%20Play/WebTechPlay/Play/UChess%20beta/,root)))
Reading next message from client.
Sending msg to client play-fork-run-2cefe975-68bb-48de-abac-36656fa95a20: (7,ExecutionRequestReceived(26))
Sending msg to client play-fork-run-2cefe975-68bb-48de-abac-36656fa95a20: ExecutionWaiting(26,{file:/Z:/5%20Semester/WebTechnologien/Git%20Play/WebTechPlay/Play/UChess%20beta/}root/*:playForkConfig,ClientInfo(2cefe975-68bb-48de-abac-36656fa95a20,play-fork-run,Play Fork Run,1,Vector()))
Sending msg to client play-fork-run-2cefe975-68bb-48de-abac-36656fa95a20: ExecutionStarting(26)
Sending msg to client play-fork-run-2cefe975-68bb-48de-abac-36656fa95a20: DetachedLogEvent(LogMessage(debug,> {file:/Z:/5%20Semester/WebTechnologien/Git%20Play/WebTechPlay/Play/UChess%20beta/}root/*:playForkConfig))
Sending msg to client play-fork-run-2cefe975-68bb-48de-abac-36656fa95a20: DetachedLogEvent(LogMessage(debug,Evaluating tasks: *:playForkConfig))
Sending msg to client play-fork-run-2cefe975-68bb-48de-abac-36656fa95a20: DetachedLogEvent(LogMessage(debug,Running task... Cancel: sbt.server.ServerTaskCancellation@3524ab16, check cycles: false))
Sending msg to client play-fork-run-2cefe975-68bb-48de-abac-36656fa95a20: DetachedLogEvent(LogMessage(debug,cancel strategy start enabled=true lastCommand=Some(LastCommand(CommandExecutionWork(ExecutionId(26),{file:/Z:/5%20Semester/WebTechnologien/Git%20Play/WebTechPlay/Play/UChess%20beta/}root/*:playForkConfig,Set(LiveClient(play-fork-run 2cefe975-68bb-48de-abac-36656fa95a20)),sbt.server.WorkCancellationStatus$$anon$1@7021f2e1)))))
Sending msg to client play-fork-run-2cefe975-68bb-48de-abac-36656fa95a20: TaskStarted(26,2672,Some(AttributeKey[scala.collection.Seq[java.lang.String]]("javaOptions") in Scope(Global)))
Sending msg to client play-fork-run-2cefe975-68bb-48de-abac-36656fa95a20: TaskStarted(26,2674,Some(AttributeKey[scala.Tuple2[java.lang.String,java.io.File]]("playPrefixAndAssets") in Scope(Build: file:/Z:/5%20Semester/WebTechnologien/Git%20Play/WebTechPlay/Play/UChess%20beta/, , Project: ProjectReference(file:/Z:/5%20Semester/WebTechnologien/Git%20Play/WebTechPlay/Play/UChess%20beta/,root))))
Sending msg to client play-fork-run-2cefe975-68bb-48de-abac-36656fa95a20: TaskStarted(26,2676,None)
Sending msg to client play-fork-run-2cefe975-68bb-48de-abac-36656fa95a20: TaskStarted(26,2679,None)
Sending msg to client play-fork-run-2cefe975-68bb-48de-abac-36656fa95a20: TaskStarted(26,2684,None)
Sending msg to client play-fork-run-2cefe975-68bb-48de-abac-36656fa95a20: TaskStarted(26,2689,None)
Sending msg to client play-fork-run-2cefe975-68bb-48de-abac-36656fa95a20: TaskStarted(26,2692,None)
Sending msg to client play-fork-run-2cefe975-68bb-48de-abac-36656fa95a20: TaskStarted(26,2693,Some(AttributeKey[java.lang.String]("updateCacheName") in Scope(Build: file:/Z:/5%20Semester/WebTechnologien/Git%20Play/WebTechPlay/Play/UChess%20beta/, , Project: ProjectReference(file:/Z:/5%20Semester/WebTechnologien/Git%20Play/WebTechPlay/Play/UChess%20beta/,root))))
Sending msg to client play-fork-run-2cefe975-68bb-48de-abac-36656fa95a20: TaskStarted(26,2699,Some(AttributeKey[boolean]("skip") in Scope(Global)))
Sending msg to client play-fork-run-2cefe975-68bb-48de-abac-36656fa95a20: TaskStarted(26,2701,None)
Sending msg to client play-fork-run-2cefe975-68bb-48de-abac-36656fa95a20: TaskStarted(26,2703,None)
Sending msg to client play-fork-run-2cefe975-68bb-48de-abac-36656fa95a20: TaskStarted(26,2704,None)
Sending msg to client play-fork-run-2cefe975-68bb-48de-abac-36656fa95a20: TaskStarted(26,2713,Some(AttributeKey[scala.collection.Seq[sbt.Resolver]]("externalResolvers") in Scope(Build: file:/Z:/5%20Semester/WebTechnologien/Git%20Play/WebTechPlay/Play/UChess%20beta/, , Project: ProjectReference(file:/Z:/5%20Semester/WebTechnologien/Git%20Play/WebTechPlay/Play/UChess%20beta/,root))))
Sending msg to client play-fork-run-2cefe975-68bb-48de-abac-36656fa95a20: TaskStarted(26,2714,Some(AttributeKey[scala.Option[scala.collection.Seq[sbt.Resolver]]]("bootResolvers") in Scope(Build: file:/Z:/5%20Semester/WebTechnologien/Git%20Play/WebTechPlay/Play/UChess%20beta/, , Project: ProjectReference(file:/Z:/5%20Semester/WebTechnologien/Git%20Play/WebTechPlay/Play/UChess%20beta/,root))))
Sending msg to client play-fork-run-2cefe975-68bb-48de-abac-36656fa95a20: TaskStarted(26,2716,Some(AttributeKey[scala.collection.Seq[sbt.Credentials]]("credentials") in Scope(Global)))
Sending msg to client play-fork-run-2cefe975-68bb-48de-abac-36656fa95a20: TaskStarted(26,2725,Some(AttributeKey[scala.Option[java.lang.String]]("mainClass") in Scope(Build: file:/Z:/5%20Semester/WebTechnologien/Git%20Play/WebTechPlay/Play/UChess%20beta/, , Project: ProjectReference(file:/Z:/5%20Semester/WebTechnologien/Git%20Play/WebTechPlay/Play/UChess%20beta/,root), Config: compile, Task: AttributeKey[void]("run"))))
Sending msg to client play-fork-run-2cefe975-68bb-48de-abac-36656fa95a20: TaskFinished(26,2672,Some(AttributeKey[scala.collection.Seq[java.lang.String]]("javaOptions") in Scope(Global)),true,None)
Sending msg to client play-fork-run-2cefe975-68bb-48de-abac-36656fa95a20: TaskFinished(26,2679,None,true,None)
Sending msg to client play-fork-run-2cefe975-68bb-48de-abac-36656fa95a20: TaskStarted(26,2678,Some(AttributeKey[sbt.BuildStructure]("buildStructure") in Scope(Global)))
Sending msg to client play-fork-run-2cefe975-68bb-48de-abac-36656fa95a20: TaskStarted(26,2697,Some(AttributeKey[java.io.File]("dependencyCacheDirectory") in Scope(Build: file:/Z:/5%20Semester/WebTechnologien/Git%20Play/WebTechPlay/Play/UChess%20beta/, , Project: ProjectReference(file:/Z:/5%20Semester/WebTechnologien/Git%20Play/WebTechPlay/Play/UChess%20beta/,root))))
Sending msg to client play-fork-run-2cefe975-68bb-48de-abac-36656fa95a20: TaskFinished(26,2676,None,true,None)
Sending msg to client play-fork-run-2cefe975-68bb-48de-abac-36656fa95a20: TaskFinished(26,2689,None,true,None)
Sending msg to client play-fork-run-2cefe975-68bb-48de-abac-36656fa95a20: TaskFinished(26,2674,Some(AttributeKey[scala.Tuple2[java.lang.String,java.io.File]]("playPrefixAndAssets") in Scope(Build: file:/Z:/5%20Semester/WebTechnologien/Git%20Play/WebTechPlay/Play/UChess%20beta/, , Project: ProjectReference(file:/Z:/5%20Semester/WebTechnologien/Git%20Play/WebTechPlay/Play/UChess%20beta/,root))),true,None)
Sending msg to client play-fork-run-2cefe975-68bb-48de-abac-36656fa95a20: TaskStarted(26,2673,Some(AttributeKey[scala.collection.Seq[scala.Tuple2[java.lang.String,java.io.File]]]("playAllAssets") in Scope(Build: file:/Z:/5%20Semester/WebTechnologien/Git%20Play/WebTechPlay/Play/UChess%20beta/, , Project: ProjectReference(file:/Z:/5%20Semester/WebTechnologien/Git%20Play/WebTechPlay/Play/UChess%20beta/,root))))
Sending msg to client play-fork-run-2cefe975-68bb-48de-abac-36656fa95a20: TaskFinished(26,2692,None,true,None)
Sending msg to client play-fork-run-2cefe975-68bb-48de-abac-36656fa95a20: TaskFinished(26,2693,Some(AttributeKey[java.lang.String]("updateCacheName") in Scope(Build: file:/Z:/5%20Semester/WebTechnologien/Git%20Play/WebTechPlay/Play/UChess%20beta/, , Project: ProjectReference(file:/Z:/5%20Semester/WebTechnologien/Git%20Play/WebTechPlay/Play/UChess%20beta/,root))),true,None)
Sending msg to client play-fork-run-2cefe975-68bb-48de-abac-36656fa95a20: TaskFinished(26,2699,Some(AttributeKey[boolean]("skip") in Scope(Global)),true,None)
Sending msg to client play-fork-run-2cefe975-68bb-48de-abac-36656fa95a20: TaskFinished(26,2701,None,true,None)
Sending msg to client play-fork-run-2cefe975-68bb-48de-abac-36656fa95a20: TaskFinished(26,2703,None,true,None)
Sending msg to client play-fork-run-2cefe975-68bb-48de-abac-36656fa95a20: TaskFinished(26,2704,None,true,None)
Sending msg to client play-fork-run-2cefe975-68bb-48de-abac-36656fa95a20: TaskStarted(26,2702,Some(AttributeKey[scala.collection.Seq[sbt.UpdateReport]]("transitiveUpdate") in Scope(Build: file:/Z:/5%20Semester/WebTechnologien/Git%20Play/WebTechPlay/Play/UChess%20beta/, , Project: ProjectReference(file:/Z:/5%20Semester/WebTechnologien/Git%20Play/WebTechPlay/Play/UChess%20beta/,root))))
Sending msg to client play-fork-run-2cefe975-68bb-48de-abac-36656fa95a20: TaskFinished(26,2713,Some(AttributeKey[scala.collection.Seq[sbt.Resolver]]("externalResolvers") in Scope(Build: file:/Z:/5%20Semester/WebTechnologien/Git%20Play/WebTechPlay/Play/UChess%20beta/, , Project: ProjectReference(file:/Z:/5%20Semester/WebTechnologien/Git%20Play/WebTechPlay/Play/UChess%20beta/,root))),true,None)
Sending msg to client play-fork-run-2cefe975-68bb-48de-abac-36656fa95a20: TaskFinished(26,2714,Some(AttributeKey[scala.Option[scala.collection.Seq[sbt.Resolver]]]("bootResolvers") in Scope(Build: file:/Z:/5%20Semester/WebTechnologien/Git%20Play/WebTechPlay/Play/UChess%20beta/, , Project: ProjectReference(file:/Z:/5%20Semester/WebTechnologien/Git%20Play/WebTechPlay/Play/UChess%20beta/,root))),true,None)
Sending msg to client play-fork-run-2cefe975-68bb-48de-abac-36656fa95a20: TaskFinished(26,2716,Some(AttributeKey[scala.collection.Seq[sbt.Credentials]]("credentials") in Scope(Global)),true,None)
Sending msg to client play-fork-run-2cefe975-68bb-48de-abac-36656fa95a20: TaskFinished(26,2725,Some(AttributeKey[scala.Option[java.lang.String]]("mainClass") in Scope(Build: file:/Z:/5%20Semester/WebTechnologien/Git%20Play/WebTechPlay/Play/UChess%20beta/, , Project: ProjectReference(file:/Z:/5%20Semester/WebTechnologien/Git%20Play/WebTechPlay/Play/UChess%20beta/,root), Config: compile, Task: AttributeKey[void]("run"))),true,None)
Sending msg to client play-fork-run-2cefe975-68bb-48de-abac-36656fa95a20: TaskFinished(26,2678,Some(AttributeKey[sbt.BuildStructure]("buildStructure") in Scope(Global)),true,None)
Sending msg to client play-fork-run-2cefe975-68bb-48de-abac-36656fa95a20: TaskStarted(26,2677,Some(AttributeKey[sbt.Settings[sbt.Scope]]("settingsData") in Scope(Global)))
Sending msg to client play-fork-run-2cefe975-68bb-48de-abac-36656fa95a20: TaskFinished(26,2697,Some(AttributeKey[java.io.File]("dependencyCacheDirectory") in Scope(Build: file:/Z:/5%20Semester/WebTechnologien/Git%20Play/WebTechPlay/Play/UChess%20beta/, , Project: ProjectReference(file:/Z:/5%20Semester/WebTechnologien/Git%20Play/WebTechPlay/Play/UChess%20beta/,root))),true,None)
Sending msg to client play-fork-run-2cefe975-68bb-48de-abac-36656fa95a20: TaskFinished(26,2673,Some(AttributeKey[scala.collection.Seq[scala.Tuple2[java.lang.String,java.io.File]]]("playAllAssets") in Scope(Build: file:/Z:/5%20Semester/WebTechnologien/Git%20Play/WebTechPlay/Play/UChess%20beta/, , Project: ProjectReference(file:/Z:/5%20Semester/WebTechnologien/Git%20Play/WebTechPlay/Play/UChess%20beta/,root))),true,None)
Sending msg to client play-fork-run-2cefe975-68bb-48de-abac-36656fa95a20: TaskFinished(26,2702,Some(AttributeKey[scala.collection.Seq[sbt.UpdateReport]]("transitiveUpdate") in Scope(Build: file:/Z:/5%20Semester/WebTechnologien/Git%20Play/WebTechPlay/Play/UChess%20beta/, , Project: ProjectReference(file:/Z:/5%20Semester/WebTechnologien/Git%20Play/WebTechPlay/Play/UChess%20beta/,root))),true,None)
Sending msg to client play-fork-run-2cefe975-68bb-48de-abac-36656fa95a20: TaskFinished(26,2677,Some(AttributeKey[sbt.Settings[sbt.Scope]]("settingsData") in Scope(Global)),true,None)
Sending msg to client play-fork-run-2cefe975-68bb-48de-abac-36656fa95a20: TaskStarted(26,2675,Some(AttributeKey[scala.collection.Seq[java.io.File]]("playMonitoredFiles") in Scope(Build: file:/Z:/5%20Semester/WebTechnologien/Git%20Play/WebTechPlay/Play/UChess%20beta/, , Project: ProjectReference(file:/Z:/5%20Semester/WebTechnologien/Git%20Play/WebTechPlay/Play/UChess%20beta/,root))))
Sending msg to client play-fork-run-2cefe975-68bb-48de-abac-36656fa95a20: TaskStarted(26,2700,None)
Sending msg to client play-fork-run-2cefe975-68bb-48de-abac-36656fa95a20: TaskStarted(26,2719,Some(AttributeKey[scala.collection.Seq[sbt.ModuleID]]("projectDependencies") in Scope(Build: file:/Z:/5%20Semester/WebTechnologien/Git%20Play/WebTechPlay/Play/UChess%20beta/, , Project: ProjectReference(file:/Z:/5%20Semester/WebTechnologien/Git%20Play/WebTechPlay/Play/UChess%20beta/,root))))
Sending msg to client play-fork-run-2cefe975-68bb-48de-abac-36656fa95a20: TaskStarted(26,2721,None)
Sending msg to client play-fork-run-2cefe975-68bb-48de-abac-36656fa95a20: TaskStarted(26,2727,None)
Sending msg to client play-fork-run-2cefe975-68bb-48de-abac-36656fa95a20: TaskStarted(26,2728,None)
Sending msg to client play-fork-run-2cefe975-68bb-48de-abac-36656fa95a20: TaskFinished(26,2719,Some(AttributeKey[scala.collection.Seq[sbt.ModuleID]]("projectDependencies") in Scope(Build: file:/Z:/5%20Semester/WebTechnologien/Git%20Play/WebTechPlay/Play/UChess%20beta/, , Project: ProjectReference(file:/Z:/5%20Semester/WebTechnologien/Git%20Play/WebTechPlay/Play/UChess%20beta/,root))),true,None)
Sending msg to client play-fork-run-2cefe975-68bb-48de-abac-36656fa95a20: TaskStarted(26,2718,Some(AttributeKey[scala.collection.Seq[sbt.ModuleID]]("allDependencies") in Scope(Build: file:/Z:/5%20Semester/WebTechnologien/Git%20Play/WebTechPlay/Play/UChess%20beta/, , Project: ProjectReference(file:/Z:/5%20Semester/WebTechnologien/Git%20Play/WebTechPlay/Play/UChess%20beta/,root))))
Sending msg to client play-fork-run-2cefe975-68bb-48de-abac-36656fa95a20: TaskStarted(26,2734,None)
Sending msg to client play-fork-run-2cefe975-68bb-48de-abac-36656fa95a20: TaskStarted(26,2736,None)
Sending msg to client play-fork-run-2cefe975-68bb-48de-abac-36656fa95a20: TaskStarted(26,2739,None)
Sending msg to client play-fork-run-2cefe975-68bb-48de-abac-36656fa95a20: TaskFinished(26,2728,None,true,None)
Sending msg to client play-fork-run-2cefe975-68bb-48de-abac-36656fa95a20: TaskFinished(26,2700,None,true,None)
Sending msg to client play-fork-run-2cefe975-68bb-48de-abac-36656fa95a20: TaskFinished(26,2718,Some(AttributeKey[scala.collection.Seq[sbt.ModuleID]]("allDependencies") in Scope(Build: file:/Z:/5%20Semester/WebTechnologien/Git%20Play/WebTechPlay/Play/UChess%20beta/, , Project: ProjectReference(file:/Z:/5%20Semester/WebTechnologien/Git%20Play/WebTechPlay/Play/UChess%20beta/,root))),true,None)
Sending msg to client play-fork-run-2cefe975-68bb-48de-abac-36656fa95a20: TaskStarted(26,2717,Some(AttributeKey[sbt.ModuleSettings]("moduleSettings") in Scope(Build: file:/Z:/5%20Semester/WebTechnologien/Git%20Play/WebTechPlay/Play/UChess%20beta/, , Project: ProjectReference(file:/Z:/5%20Semester/WebTechnologien/Git%20Play/WebTechPlay/Play/UChess%20beta/,root))))
Sending msg to client play-fork-run-2cefe975-68bb-48de-abac-36656fa95a20: TaskFinished(26,2736,None,true,None)
Sending msg to client play-fork-run-2cefe975-68bb-48de-abac-36656fa95a20: TaskStarted(26,2735,None)
Sending msg to client play-fork-run-2cefe975-68bb-48de-abac-36656fa95a20: TaskFinished(26,2734,None,true,None)
Sending msg to client play-fork-run-2cefe975-68bb-48de-abac-36656fa95a20: TaskStarted(26,2740,None)
Sending msg to client play-fork-run-2cefe975-68bb-48de-abac-36656fa95a20: TaskFinished(26,2739,None,true,None)
Sending msg to client play-fork-run-2cefe975-68bb-48de-abac-36656fa95a20: TaskFinished(26,2717,Some(AttributeKey[sbt.ModuleSettings]("moduleSettings") in Scope(Build: file:/Z:/5%20Semester/WebTechnologien/Git%20Play/WebTechPlay/Play/UChess%20beta/, , Project: ProjectReference(file:/Z:/5%20Semester/WebTechnologien/Git%20Play/WebTechPlay/Play/UChess%20beta/,root))),true,None)
Sending msg to client play-fork-run-2cefe975-68bb-48de-abac-36656fa95a20: TaskFinished(26,2740,None,true,None)
Sending msg to client play-fork-run-2cefe975-68bb-48de-abac-36656fa95a20: TaskFinished(26,2735,None,true,None)
Sending msg to client play-fork-run-2cefe975-68bb-48de-abac-36656fa95a20: TaskFinished(26,2684,None,true,None)
Sending msg to client play-fork-run-2cefe975-68bb-48de-abac-36656fa95a20: TaskStarted(26,2683,None)
Sending msg to client play-fork-run-2cefe975-68bb-48de-abac-36656fa95a20: TaskStarted(26,2696,None)
Sending msg to client play-fork-run-2cefe975-68bb-48de-abac-36656fa95a20: TaskStarted(26,2698,None)
Sending msg to client play-fork-run-2cefe975-68bb-48de-abac-36656fa95a20: TaskStarted(26,2707,None)
Sending msg to client play-fork-run-2cefe975-68bb-48de-abac-36656fa95a20: TaskStarted(26,2712,None)
Sending msg to client play-fork-run-2cefe975-68bb-48de-abac-36656fa95a20: TaskStarted(26,2715,None)
Sending msg to client play-fork-run-2cefe975-68bb-48de-abac-36656fa95a20: TaskStarted(26,2722,None)
Sending msg to client play-fork-run-2cefe975-68bb-48de-abac-36656fa95a20: TaskStarted(26,2723,None)
Sending msg to client play-fork-run-2cefe975-68bb-48de-abac-36656fa95a20: TaskStarted(26,2733,None)
Sending msg to client play-fork-run-2cefe975-68bb-48de-abac-36656fa95a20: TaskStarted(26,2738,None)
Sending msg to client play-fork-run-2cefe975-68bb-48de-abac-36656fa95a20: TaskFinished(26,2707,None,true,None)
Sending msg to client play-fork-run-2cefe975-68bb-48de-abac-36656fa95a20: TaskFinished(26,2683,None,true,None)
Sending msg to client play-fork-run-2cefe975-68bb-48de-abac-36656fa95a20: TaskFinished(26,2696,None,true,None)
Sending msg to client play-fork-run-2cefe975-68bb-48de-abac-36656fa95a20: TaskStarted(26,2695,Some(AttributeKey[scala.collection.immutable.Map[sbt.ModuleID,sbt.SourcePosition]]("dependencyPositions") in Scope(Build: file:/Z:/5%20Semester/WebTechnologien/Git%20Play/WebTechPlay/Play/UChess%20beta/, , Project: ProjectReference(file:/Z:/5%20Semester/WebTechnologien/Git%20Play/WebTechPlay/Play/UChess%20beta/,root))))
Sending msg to client play-fork-run-2cefe975-68bb-48de-abac-36656fa95a20: TaskFinished(26,2698,None,true,None)
Sending msg to client play-fork-run-2cefe975-68bb-48de-abac-36656fa95a20: TaskFinished(26,2715,None,true,None)
Sending msg to client play-fork-run-2cefe975-68bb-48de-abac-36656fa95a20: TaskFinished(26,2722,None,true,None)
Sending msg to client play-fork-run-2cefe975-68bb-48de-abac-36656fa95a20: TaskFinished(26,2723,None,true,None)
Sending msg to client play-fork-run-2cefe975-68bb-48de-abac-36656fa95a20: TaskFinished(26,2733,None,true,None)
Sending msg to client play-fork-run-2cefe975-68bb-48de-abac-36656fa95a20: TaskStarted(26,2732,Some(AttributeKey[scala.collection.Seq[sbt.Attributed[java.io.File]]]("unmanagedJars") in Scope(Build: file:/Z:/5%20Semester/WebTechnologien/Git%20Play/WebTechPlay/Play/UChess%20beta/, , Project: ProjectReference(file:/Z:/5%20Semester/WebTechnologien/Git%20Play/WebTechPlay/Play/UChess%20beta/,root), Config: compile)))
Sending msg to client play-fork-run-2cefe975-68bb-48de-abac-36656fa95a20: TaskFinished(26,2727,None,true,None)
Sending msg to client play-fork-run-2cefe975-68bb-48de-abac-36656fa95a20: TaskFinished(26,2675,Some(AttributeKey[scala.collection.Seq[java.io.File]]("playMonitoredFiles") in Scope(Build: file:/Z:/5%20Semester/WebTechnologien/Git%20Play/WebTechPlay/Play/UChess%20beta/, , Project: ProjectReference(file:/Z:/5%20Semester/WebTechnologien/Git%20Play/WebTechPlay/Play/UChess%20beta/,root))),true,None)
Sending msg to client play-fork-run-2cefe975-68bb-48de-abac-36656fa95a20: TaskFinished(26,2738,None,true,None)
Sending msg to client play-fork-run-2cefe975-68bb-48de-abac-36656fa95a20: TaskStarted(26,2737,Some(AttributeKey[scala.collection.Seq[sbt.Attributed[java.io.File]]]("unmanagedJars") in Scope(Build: file:/Z:/5%20Semester/WebTechnologien/Git%20Play/WebTechPlay/Play/UChess%20beta/, , Project: ProjectReference(file:/Z:/5%20Semester/WebTechnologien/Git%20Play/WebTechPlay/Play/UChess%20beta/,root), Config: runtime)))
Sending msg to client play-fork-run-2cefe975-68bb-48de-abac-36656fa95a20: TaskFinished(26,2732,Some(AttributeKey[scala.collection.Seq[sbt.Attributed[java.io.File]]]("unmanagedJars") in Scope(Build: file:/Z:/5%20Semester/WebTechnologien/Git%20Play/WebTechPlay/Play/UChess%20beta/, , Project: ProjectReference(file:/Z:/5%20Semester/WebTechnologien/Git%20Play/WebTechPlay/Play/UChess%20beta/,root), Config: compile)),true,None)
Sending msg to client play-fork-run-2cefe975-68bb-48de-abac-36656fa95a20: TaskStarted(26,2731,Some(AttributeKey[scala.collection.Seq[sbt.Attributed[java.io.File]]]("unmanagedJars") in Scope(Build: file:/Z:/5%20Semester/WebTechnologien/Git%20Play/WebTechPlay/Play/UChess%20beta/, , Project: ProjectReference(file:/Z:/5%20Semester/WebTechnologien/Git%20Play/WebTechPlay/Play/UChess%20beta/,root), Config: compile)))
Sending msg to client play-fork-run-2cefe975-68bb-48de-abac-36656fa95a20: TaskFinished(26,2731,Some(AttributeKey[scala.collection.Seq[sbt.Attributed[java.io.File]]]("unmanagedJars") in Scope(Build: file:/Z:/5%20Semester/WebTechnologien/Git%20Play/WebTechPlay/Play/UChess%20beta/, , Project: ProjectReference(file:/Z:/5%20Semester/WebTechnologien/Git%20Play/WebTechPlay/Play/UChess%20beta/,root), Config: compile)),true,None)
Sending msg to client play-fork-run-2cefe975-68bb-48de-abac-36656fa95a20: TaskFinished(26,2712,None,true,None)
Sending msg to client play-fork-run-2cefe975-68bb-48de-abac-36656fa95a20: TaskStarted(26,2711,Some(AttributeKey[scala.collection.immutable.Map[org.apache.ivy.core.module.id.ModuleRevisionId,org.apache.ivy.core.module.descriptor.ModuleDescriptor]]("projectDescriptors") in Scope(Build: file:/Z:/5%20Semester/WebTechnologien/Git%20Play/WebTechPlay/Play/UChess%20beta/, , Project: ProjectReference(file:/Z:/5%20Semester/WebTechnologien/Git%20Play/WebTechPlay/Play/UChess%20beta/,root))))
Sending msg to client play-fork-run-2cefe975-68bb-48de-abac-36656fa95a20: TaskFinished(26,2737,Some(AttributeKey[scala.collection.Seq[sbt.Attributed[java.io.File]]]("unmanagedJars") in Scope(Build: file:/Z:/5%20Semester/WebTechnologien/Git%20Play/WebTechPlay/Play/UChess%20beta/, , Project: ProjectReference(file:/Z:/5%20Semester/WebTechnologien/Git%20Play/WebTechPlay/Play/UChess%20beta/,root), Config: runtime)),true,None)
Sending msg to client play-fork-run-2cefe975-68bb-48de-abac-36656fa95a20: TaskStarted(26,2730,None)
Sending msg to client play-fork-run-2cefe975-68bb-48de-abac-36656fa95a20: TaskFinished(26,2730,None,true,None)
Sending msg to client play-fork-run-2cefe975-68bb-48de-abac-36656fa95a20: TaskStarted(26,2729,None)
Sending msg to client play-fork-run-2cefe975-68bb-48de-abac-36656fa95a20: TaskStarted(26,2742,None)
Sending msg to client play-fork-run-2cefe975-68bb-48de-abac-36656fa95a20: TaskFinished(26,2729,None,true,None)
Sending msg to client play-fork-run-2cefe975-68bb-48de-abac-36656fa95a20: TaskFinished(26,2721,None,true,None)
Sending msg to client play-fork-run-2cefe975-68bb-48de-abac-36656fa95a20: TaskStarted(26,2720,Some(AttributeKey[scala.collection.Seq[sbt.Attributed[java.io.File]]]("unmanagedClasspath") in Scope(Build: file:/Z:/5%20Semester/WebTechnologien/Git%20Play/WebTechPlay/Play/UChess%20beta/, , Project: ProjectReference(file:/Z:/5%20Semester/WebTechnologien/Git%20Play/WebTechPlay/Play/UChess%20beta/,root), Config: runtime)))
Sending msg to client play-fork-run-2cefe975-68bb-48de-abac-36656fa95a20: TaskFinished(26,2742,None,true,None)
Sending msg to client play-fork-run-2cefe975-68bb-48de-abac-36656fa95a20: TaskStarted(26,2741,None)
Sending msg to client play-fork-run-2cefe975-68bb-48de-abac-36656fa95a20: TaskFinished(26,2741,None,true,None)
Sending msg to client play-fork-run-2cefe975-68bb-48de-abac-36656fa95a20: TaskFinished(26,2711,Some(AttributeKey[scala.collection.immutable.Map[org.apache.ivy.core.module.id.ModuleRevisionId,org.apache.ivy.core.module.descriptor.ModuleDescriptor]]("projectDescriptors") in Scope(Build: file:/Z:/5%20Semester/WebTechnologien/Git%20Play/WebTechPlay/Play/UChess%20beta/, , Project: ProjectReference(file:/Z:/5%20Semester/WebTechnologien/Git%20Play/WebTechPlay/Play/UChess%20beta/,root))),true,None)
Sending msg to client play-fork-run-2cefe975-68bb-48de-abac-36656fa95a20: TaskStarted(26,2710,Some(AttributeKey[sbt.Resolver]("projectResolver") in Scope(Build: file:/Z:/5%20Semester/WebTechnologien/Git%20Play/WebTechPlay/Play/UChess%20beta/, , Project: ProjectReference(file:/Z:/5%20Semester/WebTechnologien/Git%20Play/WebTechPlay/Play/UChess%20beta/,root))))
Sending msg to client play-fork-run-2cefe975-68bb-48de-abac-36656fa95a20: TaskFinished(26,2710,Some(AttributeKey[sbt.Resolver]("projectResolver") in Scope(Build: file:/Z:/5%20Semester/WebTechnologien/Git%20Play/WebTechPlay/Play/UChess%20beta/, , Project: ProjectReference(file:/Z:/5%20Semester/WebTechnologien/Git%20Play/WebTechPlay/Play/UChess%20beta/,root))),true,None)
Sending msg to client play-fork-run-2cefe975-68bb-48de-abac-36656fa95a20: TaskStarted(26,2709,Some(AttributeKey[scala.collection.Seq[sbt.Resolver]]("fullResolvers") in Scope(Build: file:/Z:/5%20Semester/WebTechnologien/Git%20Play/WebTechPlay/Play/UChess%20beta/, , Project: ProjectReference(file:/Z:/5%20Semester/WebTechnologien/Git%20Play/WebTechPlay/Play/UChess%20beta/,root))))
Sending msg to client play-fork-run-2cefe975-68bb-48de-abac-36656fa95a20: TaskFinished(26,2709,Some(AttributeKey[scala.collection.Seq[sbt.Resolver]]("fullResolvers") in Scope(Build: file:/Z:/5%20Semester/WebTechnologien/Git%20Play/WebTechPlay/Play/UChess%20beta/, , Project: ProjectReference(file:/Z:/5%20Semester/WebTechnologien/Git%20Play/WebTechPlay/Play/UChess%20beta/,root))),true,None)
Sending msg to client play-fork-run-2cefe975-68bb-48de-abac-36656fa95a20: TaskStarted(26,2708,Some(AttributeKey[sbt.IvyConfiguration]("ivyConfiguration") in Scope(Build: file:/Z:/5%20Semester/WebTechnologien/Git%20Play/WebTechPlay/Play/UChess%20beta/, , Project: ProjectReference(file:/Z:/5%20Semester/WebTechnologien/Git%20Play/WebTechPlay/Play/UChess%20beta/,root))))
Sending msg to client play-fork-run-2cefe975-68bb-48de-abac-36656fa95a20: TaskFinished(26,2708,Some(AttributeKey[sbt.IvyConfiguration]("ivyConfiguration") in Scope(Build: file:/Z:/5%20Semester/WebTechnologien/Git%20Play/WebTechPlay/Play/UChess%20beta/, , Project: ProjectReference(file:/Z:/5%20Semester/WebTechnologien/Git%20Play/WebTechPlay/Play/UChess%20beta/,root))),true,None)
Sending msg to client play-fork-run-2cefe975-68bb-48de-abac-36656fa95a20: TaskStarted(26,2706,Some(AttributeKey[sbt.IvySbt]("ivySbt") in Scope(Build: file:/Z:/5%20Semester/WebTechnologien/Git%20Play/WebTechPlay/Play/UChess%20beta/, , Project: ProjectReference(file:/Z:/5%20Semester/WebTechnologien/Git%20Play/WebTechPlay/Play/UChess%20beta/,root))))
Sending msg to client play-fork-run-2cefe975-68bb-48de-abac-36656fa95a20: TaskFinished(26,2720,Some(AttributeKey[scala.collection.Seq[sbt.Attributed[java.io.File]]]("unmanagedClasspath") in Scope(Build: file:/Z:/5%20Semester/WebTechnologien/Git%20Play/WebTechPlay/Play/UChess%20beta/, , Project: ProjectReference(file:/Z:/5%20Semester/WebTechnologien/Git%20Play/WebTechPlay/Play/UChess%20beta/,root), Config: runtime)),true,None)
Sending msg to client play-fork-run-2cefe975-68bb-48de-abac-36656fa95a20: TaskFinished(26,2706,Some(AttributeKey[sbt.IvySbt]("ivySbt") in Scope(Build: file:/Z:/5%20Semester/WebTechnologien/Git%20Play/WebTechPlay/Play/UChess%20beta/, , Project: ProjectReference(file:/Z:/5%20Semester/WebTechnologien/Git%20Play/WebTechPlay/Play/UChess%20beta/,root))),true,None)
Sending msg to client play-fork-run-2cefe975-68bb-48de-abac-36656fa95a20: TaskStarted(26,2705,Some(AttributeKey[sbt.IvySbt$Module]("ivyModule") in Scope(Build: file:/Z:/5%20Semester/WebTechnologien/Git%20Play/WebTechPlay/Play/UChess%20beta/, , Project: ProjectReference(file:/Z:/5%20Semester/WebTechnologien/Git%20Play/WebTechPlay/Play/UChess%20beta/,root))))
Sending msg to client play-fork-run-2cefe975-68bb-48de-abac-36656fa95a20: TaskFinished(26,2705,Some(AttributeKey[sbt.IvySbt$Module]("ivyModule") in Scope(Build: file:/Z:/5%20Semester/WebTechnologien/Git%20Play/WebTechPlay/Play/UChess%20beta/, , Project: ProjectReference(file:/Z:/5%20Semester/WebTechnologien/Git%20Play/WebTechPlay/Play/UChess%20beta/,root))),true,None)
Sending msg to client play-fork-run-2cefe975-68bb-48de-abac-36656fa95a20: TaskFinished(26,2695,Some(AttributeKey[scala.collection.immutable.Map[sbt.ModuleID,sbt.SourcePosition]]("dependencyPositions") in Scope(Build: file:/Z:/5%20Semester/WebTechnologien/Git%20Play/WebTechPlay/Play/UChess%20beta/, , Project: ProjectReference(file:/Z:/5%20Semester/WebTechnologien/Git%20Play/WebTechPlay/Play/UChess%20beta/,root))),true,None)
Sending msg to client play-fork-run-2cefe975-68bb-48de-abac-36656fa95a20: TaskStarted(26,2694,Some(AttributeKey[sbt.UnresolvedWarningConfiguration]("unresolvedWarningConfiguration") in Scope(Build: file:/Z:/5%20Semester/WebTechnologien/Git%20Play/WebTechPlay/Play/UChess%20beta/, , Project: ProjectReference(file:/Z:/5%20Semester/WebTechnologien/Git%20Play/WebTechPlay/Play/UChess%20beta/,root), Task: AttributeKey[sbt.UpdateReport]("update"))))
Sending msg to client play-fork-run-2cefe975-68bb-48de-abac-36656fa95a20: TaskFinished(26,2694,Some(AttributeKey[sbt.UnresolvedWarningConfiguration]("unresolvedWarningConfiguration") in Scope(Build: file:/Z:/5%20Semester/WebTechnologien/Git%20Play/WebTechPlay/Play/UChess%20beta/, , Project: ProjectReference(file:/Z:/5%20Semester/WebTechnologien/Git%20Play/WebTechPlay/Play/UChess%20beta/,root), Task: AttributeKey[sbt.UpdateReport]("update"))),true,None)
Sending msg to client play-fork-run-2cefe975-68bb-48de-abac-36656fa95a20: TaskStarted(26,2691,Some(AttributeKey[sbt.UpdateReport]("update") in Scope(Build: file:/Z:/5%20Semester/WebTechnologien/Git%20Play/WebTechPlay/Play/UChess%20beta/, , Project: ProjectReference(file:/Z:/5%20Semester/WebTechnologien/Git%20Play/WebTechPlay/Play/UChess%20beta/,root))))
Sending msg to client play-fork-run-2cefe975-68bb-48de-abac-36656fa95a20: TaskFinished(26,2691,Some(AttributeKey[sbt.UpdateReport]("update") in Scope(Build: file:/Z:/5%20Semester/WebTechnologien/Git%20Play/WebTechPlay/Play/UChess%20beta/, , Project: ProjectReference(file:/Z:/5%20Semester/WebTechnologien/Git%20Play/WebTechPlay/Play/UChess%20beta/,root))),true,None)
Sending msg to client play-fork-run-2cefe975-68bb-48de-abac-36656fa95a20: TaskStarted(26,2690,Some(AttributeKey[sbt.UpdateReport]("update") in Scope(Build: file:/Z:/5%20Semester/WebTechnologien/Git%20Play/WebTechPlay/Play/UChess%20beta/, , Project: ProjectReference(file:/Z:/5%20Semester/WebTechnologien/Git%20Play/WebTechPlay/Play/UChess%20beta/,root))))
Sending msg to client play-fork-run-2cefe975-68bb-48de-abac-36656fa95a20: TaskFinished(26,2690,Some(AttributeKey[sbt.UpdateReport]("update") in Scope(Build: file:/Z:/5%20Semester/WebTechnologien/Git%20Play/WebTechPlay/Play/UChess%20beta/, , Project: ProjectReference(file:/Z:/5%20Semester/WebTechnologien/Git%20Play/WebTechPlay/Play/UChess%20beta/,root))),true,None)
Sending msg to client play-fork-run-2cefe975-68bb-48de-abac-36656fa95a20: TaskStarted(26,2688,Some(AttributeKey[sbt.Configuration]("classpathConfiguration") in Scope(Build: file:/Z:/5%20Semester/WebTechnologien/Git%20Play/WebTechPlay/Play/UChess%20beta/, , Project: ProjectReference(file:/Z:/5%20Semester/WebTechnologien/Git%20Play/WebTechPlay/Play/UChess%20beta/,root), Config: compile)))
Sending msg to client play-fork-run-2cefe975-68bb-48de-abac-36656fa95a20: TaskStarted(26,2724,Some(AttributeKey[scala.collection.Seq[sbt.Attributed[java.io.File]]]("managedClasspath") in Scope(Build: file:/Z:/5%20Semester/WebTechnologien/Git%20Play/WebTechPlay/Play/UChess%20beta/, , Project: ProjectReference(file:/Z:/5%20Semester/WebTechnologien/Git%20Play/WebTechPlay/Play/UChess%20beta/,root), Config: docs)))
Sending msg to client play-fork-run-2cefe975-68bb-48de-abac-36656fa95a20: TaskFinished(26,2688,Some(AttributeKey[sbt.Configuration]("classpathConfiguration") in Scope(Build: file:/Z:/5%20Semester/WebTechnologien/Git%20Play/WebTechPlay/Play/UChess%20beta/, , Project: ProjectReference(file:/Z:/5%20Semester/WebTechnologien/Git%20Play/WebTechPlay/Play/UChess%20beta/,root), Config: compile)),true,None)
Sending msg to client play-fork-run-2cefe975-68bb-48de-abac-36656fa95a20: TaskStarted(26,2687,None)
Sending msg to client play-fork-run-2cefe975-68bb-48de-abac-36656fa95a20: TaskFinished(26,2724,Some(AttributeKey[scala.collection.Seq[sbt.Attributed[java.io.File]]]("managedClasspath") in Scope(Build: file:/Z:/5%20Semester/WebTechnologien/Git%20Play/WebTechPlay/Play/UChess%20beta/, , Project: ProjectReference(file:/Z:/5%20Semester/WebTechnologien/Git%20Play/WebTechPlay/Play/UChess%20beta/,root), Config: docs)),true,None)
Sending msg to client play-fork-run-2cefe975-68bb-48de-abac-36656fa95a20: TaskStarted(26,2726,Some(AttributeKey[scala.Option[java.io.File]]("playDocsJar") in Scope(Build: file:/Z:/5%20Semester/WebTechnologien/Git%20Play/WebTechPlay/Play/UChess%20beta/, , Project: ProjectReference(file:/Z:/5%20Semester/WebTechnologien/Git%20Play/WebTechPlay/Play/UChess%20beta/,root))))
Sending msg to client play-fork-run-2cefe975-68bb-48de-abac-36656fa95a20: TaskFinished(26,2687,None,true,None)
Sending msg to client play-fork-run-2cefe975-68bb-48de-abac-36656fa95a20: TaskStarted(26,2686,Some(AttributeKey[sbt.Configuration]("classpathConfiguration") in Scope(Build: file:/Z:/5%20Semester/WebTechnologien/Git%20Play/WebTechPlay/Play/UChess%20beta/, , Project: ProjectReference(file:/Z:/5%20Semester/WebTechnologien/Git%20Play/WebTechPlay/Play/UChess%20beta/,root), Config: runtime)))
Sending msg to client play-fork-run-2cefe975-68bb-48de-abac-36656fa95a20: TaskFinished(26,2726,Some(AttributeKey[scala.Option[java.io.File]]("playDocsJar") in Scope(Build: file:/Z:/5%20Semester/WebTechnologien/Git%20Play/WebTechPlay/Play/UChess%20beta/, , Project: ProjectReference(file:/Z:/5%20Semester/WebTechnologien/Git%20Play/WebTechPlay/Play/UChess%20beta/,root))),true,None)
Sending msg to client play-fork-run-2cefe975-68bb-48de-abac-36656fa95a20: TaskFinished(26,2686,Some(AttributeKey[sbt.Configuration]("classpathConfiguration") in Scope(Build: file:/Z:/5%20Semester/WebTechnologien/Git%20Play/WebTechPlay/Play/UChess%20beta/, , Project: ProjectReference(file:/Z:/5%20Semester/WebTechnologien/Git%20Play/WebTechPlay/Play/UChess%20beta/,root), Config: runtime)),true,None)
Sending msg to client play-fork-run-2cefe975-68bb-48de-abac-36656fa95a20: TaskStarted(26,2685,None)
Sending msg to client play-fork-run-2cefe975-68bb-48de-abac-36656fa95a20: TaskFinished(26,2685,None,true,None)
Sending msg to client play-fork-run-2cefe975-68bb-48de-abac-36656fa95a20: TaskStarted(26,2682,Some(AttributeKey[scala.collection.Seq[sbt.Attributed[java.io.File]]]("managedClasspath") in Scope(Build: file:/Z:/5%20Semester/WebTechnologien/Git%20Play/WebTechPlay/Play/UChess%20beta/, , Project: ProjectReference(file:/Z:/5%20Semester/WebTechnologien/Git%20Play/WebTechPlay/Play/UChess%20beta/,root), Config: runtime)))
Sending msg to client play-fork-run-2cefe975-68bb-48de-abac-36656fa95a20: TaskFinished(26,2682,Some(AttributeKey[scala.collection.Seq[sbt.Attributed[java.io.File]]]("managedClasspath") in Scope(Build: file:/Z:/5%20Semester/WebTechnologien/Git%20Play/WebTechPlay/Play/UChess%20beta/, , Project: ProjectReference(file:/Z:/5%20Semester/WebTechnologien/Git%20Play/WebTechPlay/Play/UChess%20beta/,root), Config: runtime)),true,None)
Sending msg to client play-fork-run-2cefe975-68bb-48de-abac-36656fa95a20: TaskStarted(26,2681,None)
Sending msg to client play-fork-run-2cefe975-68bb-48de-abac-36656fa95a20: TaskFinished(26,2681,None,true,None)
Sending msg to client play-fork-run-2cefe975-68bb-48de-abac-36656fa95a20: TaskStarted(26,2680,Some(AttributeKey[scala.collection.Seq[sbt.Attributed[java.io.File]]]("playDependencyClasspath") in Scope(Build: file:/Z:/5%20Semester/WebTechnologien/Git%20Play/WebTechPlay/Play/UChess%20beta/, , Project: ProjectReference(file:/Z:/5%20Semester/WebTechnologien/Git%20Play/WebTechPlay/Play/UChess%20beta/,root))))
Sending msg to client play-fork-run-2cefe975-68bb-48de-abac-36656fa95a20: TaskFinished(26,2680,Some(AttributeKey[scala.collection.Seq[sbt.Attributed[java.io.File]]]("playDependencyClasspath") in Scope(Build: file:/Z:/5%20Semester/WebTechnologien/Git%20Play/WebTechPlay/Play/UChess%20beta/, , Project: ProjectReference(file:/Z:/5%20Semester/WebTechnologien/Git%20Play/WebTechPlay/Play/UChess%20beta/,root))),true,None)
Sending msg to client play-fork-run-2cefe975-68bb-48de-abac-36656fa95a20: TaskStarted(26,2671,Some(AttributeKey[play.forkrun.protocol.ForkConfig]("playForkConfig") in Scope(Build: file:/Z:/5%20Semester/WebTechnologien/Git%20Play/WebTechPlay/Play/UChess%20beta/, , Project: ProjectReference(file:/Z:/5%20Semester/WebTechnologien/Git%20Play/WebTechPlay/Play/UChess%20beta/,root))))
Sending msg to client play-fork-run-2cefe975-68bb-48de-abac-36656fa95a20: TaskFinished(26,2671,Some(AttributeKey[play.forkrun.protocol.ForkConfig]("playForkConfig") in Scope(Build: file:/Z:/5%20Semester/WebTechnologien/Git%20Play/WebTechPlay/Play/UChess%20beta/, , Project: ProjectReference(file:/Z:/5%20Semester/WebTechnologien/Git%20Play/WebTechPlay/Play/UChess%20beta/,root))),true,None)
Sending msg to client play-fork-run-2cefe975-68bb-48de-abac-36656fa95a20: ValueChanged(AttributeKey[play.forkrun.protocol.ForkConfig]("playForkConfig") in Scope(Build: file:/Z:/5%20Semester/WebTechnologien/Git%20Play/WebTechPlay/Play/UChess%20beta/, , Project: ProjectReference(file:/Z:/5%20Semester/WebTechnologien/Git%20Play/WebTechPlay/Play/UChess%20beta/,root)),TaskSuccess(BuildValue(LazyValue(ForkConfig(Z:\5 Semester\WebTechnologien\Git Play\WebTechPlay\Play\UChess beta,List(),List(Z:\5 Semester\WebTechnologien\Git Play\WebTechPlay\Play\UChess beta\lib\UChess_Gut.jar, C:\Users\maboxler\.ivy2\cache\org.scala-lang\scala-library\jars\scala-library-2.11.6.jar, C:\Users\maboxler\.ivy2\cache\com.typesafe.play\twirl-api_2.11\jars\twirl-api_2.11-1.1.1.jar, C:\Users\maboxler\.ivy2\cache\org.apache.commons\commons-lang3\jars\commons-lang3-3.4.jar, C:\Users\maboxler\.ivy2\cache\org.scala-lang.modules\scala-xml_2.11\bundles\scala-xml_2.11-1.0.1.jar, C:\Users\maboxler\.ivy2\cache\com.typesafe.play\play-enhancer\jars\play-enhancer-1.1.0.jar, C:\Users\maboxler\.ivy2\cache\com.typesafe.play\play-server_2.11\jars\play-server_2.11-2.4.3.jar, C:\Users\maboxler\.ivy2\cache\com.typesafe.play\play_2.11\jars\play_2.11-2.4.3.jar, C:\Users\maboxler\.ivy2\cache\com.typesafe.play\build-link\jars\build-link-2.4.3.jar, C:\Users\maboxler\.ivy2\cache\com.typesafe.play\play-exceptions\jars\play-exceptions-2.4.3.jar, C:\Users\maboxler\.ivy2\cache\org.javassist\javassist\bundles\javassist-3.19.0-GA.jar, C:\Users\maboxler\.ivy2\cache\com.typesafe.play\play-iteratees_2.11\jars\play-iteratees_2.11-2.4.3.jar, C:\Users\maboxler\.ivy2\cache\org.scala-stm\scala-stm_2.11\jars\scala-stm_2.11-0.7.jar, C:\Users\maboxler\.ivy2\cache\com.typesafe\config\bundles\config-1.3.0.jar, C:\Users\maboxler\.ivy2\cache\com.typesafe.play\play-json_2.11\jars\play-json_2.11-2.4.3.jar, C:\Users\maboxler\.ivy2\cache\com.typesafe.play\play-functional_2.11\jars\play-functional_2.11-2.4.3.jar, C:\Users\maboxler\.ivy2\cache\com.typesafe.play\play-datacommons_2.11\jars\play-datacommons_2.11-2.4.3.jar, C:\Users\maboxler\.ivy2\cache\joda-time\joda-time\jars\joda-time-2.8.1.jar, C:\Users\maboxler\.ivy2\cache\org.joda\joda-convert\jars\joda-convert-1.7.jar, C:\Users\maboxler\.ivy2\cache\org.scala-lang\scala-reflect\jars\scala-reflect-2.11.6.jar, C:\Users\maboxler\.ivy2\cache\com.fasterxml.jackson.core\jackson-core\bundles\jackson-core-2.5.4.jar, C:\Users\maboxler\.ivy2\cache\com.fasterxml.jackson.core\jackson-annotations\bundles\jackson-annotations-2.5.4.jar, C:\Users\maboxler\.ivy2\cache\com.fasterxml.jackson.core\jackson-databind\bundles\jackson-databind-2.5.4.jar, C:\Users\maboxler\.ivy2\cache\com.fasterxml.jackson.datatype\jackson-datatype-jdk8\bundles\jackson-datatype-jdk8-2.5.4.jar, C:\Users\maboxler\.ivy2\cache\com.fasterxml.jackson.datatype\jackson-datatype-jsr310\bundles\jackson-datatype-jsr310-2.5.4.jar, C:\Users\maboxler\.ivy2\cache\com.typesafe.play\play-netty-utils\jars\play-netty-utils-2.4.3.jar, C:\Users\maboxler\.ivy2\cache\org.slf4j\slf4j-api\jars\slf4j-api-1.7.12.jar, C:\Users\maboxler\.ivy2\cache\org.slf4j\jul-to-slf4j\jars\jul-to-slf4j-1.7.12.jar, C:\Users\maboxler\.ivy2\cache\org.slf4j\jcl-over-slf4j\jars\jcl-over-slf4j-1.7.12.jar, C:\Users\maboxler\.ivy2\cache\org.scala-lang.modules\scala-parser-combinators_2.11\bundles\scala-parser-combinators_2.11-1.0.1.jar, C:\Users\maboxler\.ivy2\cache\ch.qos.logback\logback-core\jars\logback-core-1.1.3.jar, C:\Users\maboxler\.ivy2\cache\ch.qos.logback\logback-classic\jars\logback-classic-1.1.3.jar, C:\Users\maboxler\.ivy2\cache\com.typesafe.akka\akka-actor_2.11\jars\akka-actor_2.11-2.3.13.jar, C:\Users\maboxler\.ivy2\cache\com.typesafe.akka\akka-slf4j_2.11\jars\akka-slf4j_2.11-2.3.13.jar, C:\Users\maboxler\.ivy2\cache\commons-codec\commons-codec\jars\commons-codec-1.10.jar, C:\Users\maboxler\.ivy2\cache\xerces\xercesImpl\jars\xercesImpl-2.11.0.jar, C:\Users\maboxler\.ivy2\cache\xml-apis\xml-apis\jars\xml-apis-1.4.01.jar, C:\Users\maboxler\.ivy2\cache\javax.transaction\jta\jars\jta-1.1.jar, C:\Users\maboxler\.ivy2\cache\com.google.inject\guice\jars\guice-4.0.jar, C:\Users\maboxler\.ivy2\cache\javax.inject\javax.inject\jars\javax.inject-1.jar, C:\Users\maboxler\.ivy2\cache\aopalliance\aopalliance\jars\aopalliance-1.0.jar, C:\Users\maboxler\.ivy2\cache\com.google.inject.extensions\guice-assistedinject\jars\guice-assistedinject-4.0.jar, C:\Users\maboxler\.ivy2\cache\com.typesafe.play\play-java_2.11\jars\play-java_2.11-2.4.3.jar, C:\Users\maboxler\.ivy2\cache\org.scala-lang.modules\scala-java8-compat_2.11\bundles\scala-java8-compat_2.11-0.3.0.jar, C:\Users\maboxler\.ivy2\cache\org.yaml\snakeyaml\bundles\snakeyaml-1.15.jar, C:\Users\maboxler\.ivy2\cache\org.hibernate\hibernate-validator\jars\hibernate-validator-5.0.3.Final.jar, C:\Users\maboxler\.ivy2\cache\javax.validation\validation-api\jars\validation-api-1.1.0.Final.jar, C:\Users\maboxler\.ivy2\cache\com.fasterxml\classmate\bundles\classmate-1.0.0.jar, C:\Users\maboxler\.ivy2\cache\org.jboss.logging\jboss-logging\jars\jboss-logging-3.2.1.Final.jar, C:\Users\maboxler\.ivy2\cache\org.springframework\spring-context\jars\spring-context-4.1.6.RELEASE.jar, C:\Users\maboxler\.ivy2\cache\org.springframework\spring-core\jars\spring-core-4.1.6.RELEASE.jar, C:\Users\maboxler\.ivy2\cache\org.springframework\spring-beans\jars\spring-beans-4.1.6.RELEASE.jar, C:\Users\maboxler\.ivy2\cache\org.reflections\reflections\jars\reflections-0.9.9.jar, C:\Users\maboxler\.ivy2\cache\com.google.guava\guava\bundles\guava-18.0.jar, C:\Users\maboxler\.ivy2\cache\com.google.code.findbugs\annotations\jars\annotations-2.0.1.jar, C:\Users\maboxler\.ivy2\cache\net.jodah\typetools\bundles\typetools-0.4.1.jar, C:\Users\maboxler\.ivy2\cache\com.google.code.findbugs\jsr305\jars\jsr305-2.0.3.jar, C:\Users\maboxler\.ivy2\cache\org.apache.tomcat\tomcat-servlet-api\jars\tomcat-servlet-api-8.0.21.jar, C:\Users\maboxler\.ivy2\cache\com.typesafe.play\play-netty-server_2.11\jars\play-netty-server_2.11-2.4.3.jar, C:\Users\maboxler\.ivy2\cache\io.netty\netty\bundles\netty-3.10.4.Final.jar, C:\Users\maboxler\.ivy2\cache\com.typesafe.netty\netty-http-pipelining\jars\netty-http-pipelining-1.1.4.jar, C:\Users\maboxler\.ivy2\cache\com.typesafe.play\play-java-jdbc_2.11\jars\play-java-jdbc_2.11-2.4.3.jar, C:\Users\maboxler\.ivy2\cache\com.typesafe.play\play-jdbc_2.11\jars\play-jdbc_2.11-2.4.3.jar, C:\Users\maboxler\.ivy2\cache\com.typesafe.play\play-jdbc-api_2.11\jars\play-jdbc-api_2.11-2.4.3.jar, C:\Users\maboxler\.ivy2\cache\com.jolbox\bonecp\bundles\bonecp-0.8.0.RELEASE.jar, C:\Users\maboxler\.ivy2\cache\com.zaxxer\HikariCP\bundles\HikariCP-2.3.7.jar, C:\Users\maboxler\.ivy2\cache\com.h2database\h2\jars\h2-1.4.187.jar, C:\Users\maboxler\.ivy2\cache\tyrex\tyrex\jars\tyrex-1.0.1.jar, C:\Users\maboxler\.ivy2\cache\com.typesafe.play\play-cache_2.11\jars\play-cache_2.11-2.4.3.jar, C:\Users\maboxler\.ivy2\cache\net.sf.ehcache\ehcache-core\jars\ehcache-core-2.6.11.jar, C:\Users\maboxler\.ivy2\cache\com.typesafe.play\play-java-ws_2.11\jars\play-java-ws_2.11-2.4.3.jar, C:\Users\maboxler\.ivy2\cache\com.typesafe.play\play-ws_2.11\jars\play-ws_2.11-2.4.3.jar, C:\Users\maboxler\.ivy2\cache\com.ning\async-http-client\jars\async-http-client-1.9.21.jar, C:\Users\maboxler\.ivy2\cache\oauth.signpost\signpost-core\jars\signpost-core-1.2.1.2.jar, C:\Users\maboxler\.ivy2\cache\oauth.signpost\signpost-commonshttp4\jars\signpost-commonshttp4-1.2.1.2.jar, C:\Users\maboxler\.ivy2\cache\org.apache.httpcomponents\httpcore\jars\httpcore-4.0.1.jar, C:\Users\maboxler\.ivy2\cache\org.apache.httpcomponents\httpclient\jars\httpclient-4.0.1.jar, C:\Users\maboxler\.ivy2\cache\commons-logging\commons-logging\jars\commons-logging-1.1.1.jar),List((public/,Z:\5 Semester\WebTechnologien\Git Play\WebTechPlay\Play\UChess beta\target\web\public\main)),List(C:\Users\maboxler\.ivy2\cache\com.typesafe.play\play-omnidoc_2.11\jars\play-omnidoc_2.11-2.4.3.jar, C:\Users\maboxler\.ivy2\cache\org.scala-lang\scala-library\jars\scala-library-2.11.6.jar, C:\Users\maboxler\.ivy2\cache\com.typesafe.play\play-docs_2.11\jars\play-docs_2.11-2.4.3.jar, C:\Users\maboxler\.ivy2\cache\com.typesafe.play\play-netty-server_2.11\jars\play-netty-server_2.11-2.4.3.jar, C:\Users\maboxler\.ivy2\cache\com.typesafe.play\play-server_2.11\jars\play-server_2.11-2.4.3.jar, C:\Users\maboxler\.ivy2\cache\com.typesafe.play\play_2.11\jars\play_2.11-2.4.3.jar, C:\Users\maboxler\.ivy2\cache\com.typesafe.play\build-link\jars\build-link-2.4.3.jar, C:\Users\maboxler\.ivy2\cache\com.typesafe.play\play-exceptions\jars\play-exceptions-2.4.3.jar, C:\Users\maboxler\.ivy2\cache\org.javassist\javassist\bundles\javassist-3.19.0-GA.jar, C:\Users\maboxler\.ivy2\cache\com.typesafe.play\play-iteratees_2.11\jars\play-iteratees_2.11-2.4.3.jar, C:\Users\maboxler\.ivy2\cache\org.scala-stm\scala-stm_2.11\jars\scala-stm_2.11-0.7.jar, C:\Users\maboxler\.ivy2\cache\com.typesafe\config\bundles\config-1.3.0.jar, C:\Users\maboxler\.ivy2\cache\com.typesafe.play\play-json_2.11\jars\play-json_2.11-2.4.3.jar, C:\Users\maboxler\.ivy2\cache\com.typesafe.play\play-functional_2.11\jars\play-functional_2.11-2.4.3.jar, C:\Users\maboxler\.ivy2\cache\com.typesafe.play\play-datacommons_2.11\jars\play-datacommons_2.11-2.4.3.jar, C:\Users\maboxler\.ivy2\cache\joda-time\joda-time\jars\joda-time-2.8.1.jar, C:\Users\maboxler\.ivy2\cache\org.joda\joda-convert\jars\joda-convert-1.7.jar, C:\Users\maboxler\.ivy2\cache\org.scala-lang\scala-reflect\jars\scala-reflect-2.11.6.jar, C:\Users\maboxler\.ivy2\cache\com.fasterxml.jackson.core\jackson-core\bundles\jackson-core-2.5.4.jar, C:\Users\maboxler\.ivy2\cache\com.fasterxml.jackson.core\jackson-annotations\bundles\jackson-annotations-2.5.4.jar, C:\Users\maboxler\.ivy2\cache\com.fasterxml.jackson.core\jackson-databind\bundles\jackson-databind-2.5.4.jar, C:\Users\maboxler\.ivy2\cache\com.fasterxml.jackson.datatype\jackson-datatype-jdk8\bundles\jackson-datatype-jdk8-2.5.4.jar, C:\Users\maboxler\.ivy2\cache\com.fasterxml.jackson.datatype\jackson-datatype-jsr310\bundles\jackson-datatype-jsr310-2.5.4.jar, C:\Users\maboxler\.ivy2\cache\com.typesafe.play\play-netty-utils\jars\play-netty-utils-2.4.3.jar, C:\Users\maboxler\.ivy2\cache\org.slf4j\slf4j-api\jars\slf4j-api-1.7.12.jar, C:\Users\maboxler\.ivy2\cache\org.slf4j\jul-to-slf4j\jars\jul-to-slf4j-1.7.12.jar, C:\Users\maboxler\.ivy2\cache\org.slf4j\jcl-over-slf4j\jars\jcl-over-slf4j-1.7.12.jar, C:\Users\maboxler\.ivy2\cache\com.typesafe.play\twirl-api_2.11\jars\twirl-api_2.11-1.1.1.jar, C:\Users\maboxler\.ivy2\cache\org.apache.commons\commons-lang3\jars\commons-lang3-3.4.jar, C:\Users\maboxler\.ivy2\cache\org.scala-lang.modules\scala-xml_2.11\bundles\scala-xml_2.11-1.0.1.jar, C:\Users\maboxler\.ivy2\cache\org.scala-lang.modules\scala-parser-combinators_2.11\bundles\scala-parser-combinators_2.11-1.0.1.jar, C:\Users\maboxler\.ivy2\cache\ch.qos.logback\logback-core\jars\logback-core-1.1.3.jar, C:\Users\maboxler\.ivy2\cache\ch.qos.logback\logback-classic\jars\logback-classic-1.1.3.jar, C:\Users\maboxler\.ivy2\cache\com.typesafe.akka\akka-actor_2.11\jars\akka-actor_2.11-2.3.13.jar, C:\Users\maboxler\.ivy2\cache\com.typesafe.akka\akka-slf4j_2.11\jars\akka-slf4j_2.11-2.3.13.jar, C:\Users\maboxler\.ivy2\cache\commons-codec\commons-codec\jars\commons-codec-1.10.jar, C:\Users\maboxler\.ivy2\cache\xerces\xercesImpl\jars\xercesImpl-2.11.0.jar, C:\Users\maboxler\.ivy2\cache\xml-apis\xml-apis\jars\xml-apis-1.4.01.jar, C:\Users\maboxler\.ivy2\cache\javax.transaction\jta\jars\jta-1.1.jar, C:\Users\maboxler\.ivy2\cache\com.google.inject\guice\jars\guice-4.0.jar, C:\Users\maboxler\.ivy2\cache\javax.inject\javax.inject\jars\javax.inject-1.jar, C:\Users\maboxler\.ivy2\cache\aopalliance\aopalliance\jars\aopalliance-1.0.jar, C:\Users\maboxler\.ivy2\cache\com.google.guava\guava\bundles\guava-16.0.1.jar, C:\Users\maboxler\.ivy2\cache\com.google.inject.extensions\guice-assistedinject\jars\guice-assistedinject-4.0.jar, C:\Users\maboxler\.ivy2\cache\io.netty\netty\bundles\netty-3.10.4.Final.jar, C:\Users\maboxler\.ivy2\cache\com.typesafe.netty\netty-http-pipelining\jars\netty-http-pipelining-1.1.4.jar, C:\Users\maboxler\.ivy2\cache\com.typesafe.play\play-doc_2.11\jars\play-doc_2.11-1.2.2.jar, C:\Users\maboxler\.ivy2\cache\org.pegdown\pegdown\jars\pegdown-1.4.0.jar, C:\Users\maboxler\.ivy2\cache\org.parboiled\parboiled-java\bundles\parboiled-java-1.1.5.jar, C:\Users\maboxler\.ivy2\cache\org.parboiled\parboiled-core\bundles\parboiled-core-1.1.5.jar, C:\Users\maboxler\.ivy2\cache\org.ow2.asm\asm\jars\asm-4.1.jar, C:\Users\maboxler\.ivy2\cache\org.ow2.asm\asm-tree\jars\asm-tree-4.1.jar, C:\Users\maboxler\.ivy2\cache\org.ow2.asm\asm-analysis\jars\asm-analysis-4.1.jar, C:\Users\maboxler\.ivy2\cache\org.ow2.asm\asm-util\jars\asm-util-4.1.jar, C:\Users\maboxler\.ivy2\cache\commons-io\commons-io\jars\commons-io-2.4.jar),Some(C:\Users\maboxler\.ivy2\cache\com.typesafe.play\play-omnidoc_2.11\jars\play-omnidoc_2.11-2.4.3.jar),List(),9000,0.0.0.0,DefaultWatchService,List(Z:\5 Semester\WebTechnologien\Git Play\WebTechPlay\Play\UChess beta\public, Z:\5 Semester\WebTechnologien\Git Play\WebTechPlay\Play\UChess beta\conf, Z:\5 Semester\WebTechnologien\Git Play\WebTechPlay\Play\UChess beta\app-2.11, Z:\5 Semester\WebTechnologien\Git Play\WebTechPlay\Play\UChess beta\app),Z:\5 Semester\WebTechnologien\Git Play\WebTechPlay\Play\UChess beta\target,500,root/playForkNotifyStart,root/playForkReload,300000,play.core.server.DevServerStart),scala.pickling.PicklerUnpickler$DelegatingPicklerUnpickler@306557e7),ForkConfig(Z:\5 Semester\WebTechnologien\Git Play\WebTechPlay\Play\UChess beta,List(),List(Z:\5 Semester\WebTechnologien\Git Play\WebTechPlay\Play\UChess beta\lib\UChess_Gut.jar, C:\Users\maboxler\.ivy2\cache\org.scala-lang\scala-library\jars\scala-library-2.11.6.jar, C:\Users\maboxler\.ivy2\cache\com.typesafe.play\twirl-api_2.11\jars\twirl-api_2.11-1.1.1.jar, C:\Users\maboxler\.ivy2\cache\org.apache.commons\commons-lang3\jars\commons-lang3-3.4.jar, C:\Users\maboxler\.ivy2\cache\org.scala-lang.modules\scala-xml_2.11\bundles\scala-xml_2.11-1.0.1.jar, C:\Users\maboxler\.ivy2\cache\com.typesafe.play\play-enhancer\jars\play-enhancer-1.1.0.jar, C:\Users\maboxler\.ivy2\cache\com.typesafe.play\play-server_2.11\jars\play-server_2.11-2.4.3.jar, C:\Users\maboxler\.ivy2\cache\com.typesafe.play\play_2.11\jars\play_2.11-2.4.3.jar, C:\Users\maboxler\.ivy2\cache\com.typesafe.play\build-link\jars\build-link-2.4.3.jar, C:\Users\maboxler\.ivy2\cache\com.typesafe.play\play-exceptions\jars\play-exceptions-2.4.3.jar, C:\Users\maboxler\.ivy2\cache\org.javassist\javassist\bundles\javassist-3.19.0-GA.jar, C:\Users\maboxler\.ivy2\cache\com.typesafe.play\play-iteratees_2.11\jars\play-iteratees_2.11-2.4.3.jar, C:\Users\maboxler\.ivy2\cache\org.scala-stm\scala-stm_2.11\jars\scala-stm_2.11-0.7.jar, C:\Users\maboxler\.ivy2\cache\com.typesafe\config\bundles\config-1.3.0.jar, C:\Users\maboxler\.ivy2\cache\com.typesafe.play\play-json_2.11\jars\play-json_2.11-2.4.3.jar, C:\Users\maboxler\.ivy2\cache\com.typesafe.play\play-functional_2.11\jars\play-functional_2.11-2.4.3.jar, C:\Users\maboxler\.ivy2\cache\com.typesafe.play\play-datacommons_2.11\jars\play-datacommons_2.11-2.4.3.jar, C:\Users\maboxler\.ivy2\cache\joda-time\joda-time\jars\joda-time-2.8.1.jar, C:\Users\maboxler\.ivy2\cache\org.joda\joda-convert\jars\joda-convert-1.7.jar, C:\Users\maboxler\.ivy2\cache\org.scala-lang\scala-reflect\jars\scala-reflect-2.11.6.jar, C:\Users\maboxler\.ivy2\cache\com.fasterxml.jackson.core\jackson-core\bundles\jackson-core-2.5.4.jar, C:\Users\maboxler\.ivy2\cache\com.fasterxml.jackson.core\jackson-annotations\bundles\jackson-annotations-2.5.4.jar, C:\Users\maboxler\.ivy2\cache\com.fasterxml.jackson.core\jackson-databind\bundles\jackson-databind-2.5.4.jar, C:\Users\maboxler\.ivy2\cache\com.fasterxml.jackson.datatype\jackson-datatype-jdk8\bundles\jackson-datatype-jdk8-2.5.4.jar, C:\Users\maboxler\.ivy2\cache\com.fasterxml.jackson.datatype\jackson-datatype-jsr310\bundles\jackson-datatype-jsr310-2.5.4.jar, C:\Users\maboxler\.ivy2\cache\com.typesafe.play\play-netty-utils\jars\play-netty-utils-2.4.3.jar, C:\Users\maboxler\.ivy2\cache\org.slf4j\slf4j-api\jars\slf4j-api-1.7.12.jar, C:\Users\maboxler\.ivy2\cache\org.slf4j\jul-to-slf4j\jars\jul-to-slf4j-1.7.12.jar, C:\Users\maboxler\.ivy2\cache\org.slf4j\jcl-over-slf4j\jars\jcl-over-slf4j-1.7.12.jar, C:\Users\maboxler\.ivy2\cache\org.scala-lang.modules\scala-parser-combinators_2.11\bundles\scala-parser-combinators_2.11-1.0.1.jar, C:\Users\maboxler\.ivy2\cache\ch.qos.logback\logback-core\jars\logback-core-1.1.3.jar, C:\Users\maboxler\.ivy2\cache\ch.qos.logback\logback-classic\jars\logback-classic-1.1.3.jar, C:\Users\maboxler\.ivy2\cache\com.typesafe.akka\akka-actor_2.11\jars\akka-actor_2.11-2.3.13.jar, C:\Users\maboxler\.ivy2\cache\com.typesafe.akka\akka-slf4j_2.11\jars\akka-slf4j_2.11-2.3.13.jar, C:\Users\maboxler\.ivy2\cache\commons-codec\commons-codec\jars\commons-codec-1.10.jar, C:\Users\maboxler\.ivy2\cache\xerces\xercesImpl\jars\xercesImpl-2.11.0.jar, C:\Users\maboxler\.ivy2\cache\xml-apis\xml-apis\jars\xml-apis-1.4.01.jar, C:\Users\maboxler\.ivy2\cache\javax.transaction\jta\jars\jta-1.1.jar, C:\Users\maboxler\.ivy2\cache\com.google.inject\guice\jars\guice-4.0.jar, C:\Users\maboxler\.ivy2\cache\javax.inject\javax.inject\jars\javax.inject-1.jar, C:\Users\maboxler\.ivy2\cache\aopalliance\aopalliance\jars\aopalliance-1.0.jar, C:\Users\maboxler\.ivy2\cache\com.google.inject.extensions\guice-assistedinject\jars\guice-assistedinject-4.0.jar, C:\Users\maboxler\.ivy2\cache\com.typesafe.play\play-java_2.11\jars\play-java_2.11-2.4.3.jar, C:\Users\maboxler\.ivy2\cache\org.scala-lang.modules\scala-java8-compat_2.11\bundles\scala-java8-compat_2.11-0.3.0.jar, C:\Users\maboxler\.ivy2\cache\org.yaml\snakeyaml\bundles\snakeyaml-1.15.jar, C:\Users\maboxler\.ivy2\cache\org.hibernate\hibernate-validator\jars\hibernate-validator-5.0.3.Final.jar, C:\Users\maboxler\.ivy2\cache\javax.validation\validation-api\jars\validation-api-1.1.0.Final.jar, C:\Users\maboxler\.ivy2\cache\com.fasterxml\classmate\bundles\classmate-1.0.0.jar, C:\Users\maboxler\.ivy2\cache\org.jboss.logging\jboss-logging\jars\jboss-logging-3.2.1.Final.jar, C:\Users\maboxler\.ivy2\cache\org.springframework\spring-context\jars\spring-context-4.1.6.RELEASE.jar, C:\Users\maboxler\.ivy2\cache\org.springframework\spring-core\jars\spring-core-4.1.6.RELEASE.jar, C:\Users\maboxler\.ivy2\cache\org.springframework\spring-beans\jars\spring-beans-4.1.6.RELEASE.jar, C:\Users\maboxler\.ivy2\cache\org.reflections\reflections\jars\reflections-0.9.9.jar, C:\Users\maboxler\.ivy2\cache\com.google.guava\guava\bundles\guava-18.0.jar, C:\Users\maboxler\.ivy2\cache\com.google.code.findbugs\annotations\jars\annotations-2.0.1.jar, C:\Users\maboxler\.ivy2\cache\net.jodah\typetools\bundles\typetools-0.4.1.jar, C:\Users\maboxler\.ivy2\cache\com.google.code.findbugs\jsr305\jars\jsr305-2.0.3.jar, C:\Users\maboxler\.ivy2\cache\org.apache.tomcat\tomcat-servlet-api\jars\tomcat-servlet-api-8.0.21.jar, C:\Users\maboxler\.ivy2\cache\com.typesafe.play\play-netty-server_2.11\jars\play-netty-server_2.11-2.4.3.jar, C:\Users\maboxler\.ivy2\cache\io.netty\netty\bundles\netty-3.10.4.Final.jar, C:\Users\maboxler\.ivy2\cache\com.typesafe.netty\netty-http-pipelining\jars\netty-http-pipelining-1.1.4.jar, C:\Users\maboxler\.ivy2\cache\com.typesafe.play\play-java-jdbc_2.11\jars\play-java-jdbc_2.11-2.4.3.jar, C:\Users\maboxler\.ivy2\cache\com.typesafe.play\play-jdbc_2.11\jars\play-jdbc_2.11-2.4.3.jar, C:\Users\maboxler\.ivy2\cache\com.typesafe.play\play-jdbc-api_2.11\jars\play-jdbc-api_2.11-2.4.3.jar, C:\Users\maboxler\.ivy2\cache\com.jolbox\bonecp\bundles\bonecp-0.8.0.RELEASE.jar, C:\Users\maboxler\.ivy2\cache\com.zaxxer\HikariCP\bundles\HikariCP-2.3.7.jar, C:\Users\maboxler\.ivy2\cache\com.h2database\h2\jars\h2-1.4.187.jar, C:\Users\maboxler\.ivy2\cache\tyrex\tyrex\jars\tyrex-1.0.1.jar, C:\Users\maboxler\.ivy2\cache\com.typesafe.play\play-cache_2.11\jars\play-cache_2.11-2.4.3.jar, C:\Users\maboxler\.ivy2\cache\net.sf.ehcache\ehcache-core\jars\ehcache-core-2.6.11.jar, C:\Users\maboxler\.ivy2\cache\com.typesafe.play\play-java-ws_2.11\jars\play-java-ws_2.11-2.4.3.jar, C:\Users\maboxler\.ivy2\cache\com.typesafe.play\play-ws_2.11\jars\play-ws_2.11-2.4.3.jar, C:\Users\maboxler\.ivy2\cache\com.ning\async-http-client\jars\async-http-client-1.9.21.jar, C:\Users\maboxler\.ivy2\cache\oauth.signpost\signpost-core\jars\signpost-core-1.2.1.2.jar, C:\Users\maboxler\.ivy2\cache\oauth.signpost\signpost-commonshttp4\jars\signpost-commonshttp4-1.2.1.2.jar, C:\Users\maboxler\.ivy2\cache\org.apache.httpcomponents\httpcore\jars\httpcore-4.0.1.jar, C:\Users\maboxler\.ivy2\cache\org.apache.httpcomponents\httpclient\jars\httpclient-4.0.1.jar, C:\Users\maboxler\.ivy2\cache\commons-logging\commons-logging\jars\commons-logging-1.1.1.jar),List((public/,Z:\5 Semester\WebTechnologien\Git Play\WebTechPlay\Play\UChess beta\target\web\public\main)),List(C:\Users\maboxler\.ivy2\cache\com.typesafe.play\play-omnidoc_2.11\jars\play-omnidoc_2.11-2.4.3.jar, C:\Users\maboxler\.ivy2\cache\org.scala-lang\scala-library\jars\scala-library-2.11.6.jar, C:\Users\maboxler\.ivy2\cache\com.typesafe.play\play-docs_2.11\jars\play-docs_2.11-2.4.3.jar, C:\Users\maboxler\.ivy2\cache\com.typesafe.play\play-netty-server_2.11\jars\play-netty-server_2.11-2.4.3.jar, C:\Users\maboxler\.ivy2\cache\com.typesafe.play\play-server_2.11\jars\play-server_2.11-2.4.3.jar, C:\Users\maboxler\.ivy2\cache\com.typesafe.play\play_2.11\jars\play_2.11-2.4.3.jar, C:\Users\maboxler\.ivy2\cache\com.typesafe.play\build-link\jars\build-link-2.4.3.jar, C:\Users\maboxler\.ivy2\cache\com.typesafe.play\play-exceptions\jars\play-exceptions-2.4.3.jar, C:\Users\maboxler\.ivy2\cache\org.javassist\javassist\bundles\javassist-3.19.0-GA.jar, C:\Users\maboxler\.ivy2\cache\com.typesafe.play\play-iteratees_2.11\jars\play-iteratees_2.11-2.4.3.jar, C:\Users\maboxler\.ivy2\cache\org.scala-stm\scala-stm_2.11\jars\scala-stm_2.11-0.7.jar, C:\Users\maboxler\.ivy2\cache\com.typesafe\config\bundles\config-1.3.0.jar, C:\Users\maboxler\.ivy2\cache\com.typesafe.play\play-json_2.11\jars\play-json_2.11-2.4.3.jar, C:\Users\maboxler\.ivy2\cache\com.typesafe.play\play-functional_2.11\jars\play-functional_2.11-2.4.3.jar, C:\Users\maboxler\.ivy2\cache\com.typesafe.play\play-datacommons_2.11\jars\play-datacommons_2.11-2.4.3.jar, C:\Users\maboxler\.ivy2\cache\joda-time\joda-time\jars\joda-time-2.8.1.jar, C:\Users\maboxler\.ivy2\cache\org.joda\joda-convert\jars\joda-convert-1.7.jar, C:\Users\maboxler\.ivy2\cache\org.scala-lang\scala-reflect\jars\scala-reflect-2.11.6.jar, C:\Users\maboxler\.ivy2\cache\com.fasterxml.jackson.core\jackson-core\bundles\jackson-core-2.5.4.jar, C:\Users\maboxler\.ivy2\cache\com.fasterxml.jackson.core\jackson-annotations\bundles\jackson-annotations-2.5.4.jar, C:\Users\maboxler\.ivy2\cache\com.fasterxml.jackson.core\jackson-databind\bundles\jackson-databind-2.5.4.jar, C:\Users\maboxler\.ivy2\cache\com.fasterxml.jackson.datatype\jackson-datatype-jdk8\bundles\jackson-datatype-jdk8-2.5.4.jar, C:\Users\maboxler\.ivy2\cache\com.fasterxml.jackson.datatype\jackson-datatype-jsr310\bundles\jackson-datatype-jsr310-2.5.4.jar, C:\Users\maboxler\.ivy2\cache\com.typesafe.play\play-netty-utils\jars\play-netty-utils-2.4.3.jar, C:\Users\maboxler\.ivy2\cache\org.slf4j\slf4j-api\jars\slf4j-api-1.7.12.jar, C:\Users\maboxler\.ivy2\cache\org.slf4j\jul-to-slf4j\jars\jul-to-slf4j-1.7.12.jar, C:\Users\maboxler\.ivy2\cache\org.slf4j\jcl-over-slf4j\jars\jcl-over-slf4j-1.7.12.jar, C:\Users\maboxler\.ivy2\cache\com.typesafe.play\twirl-api_2.11\jars\twirl-api_2.11-1.1.1.jar, C:\Users\maboxler\.ivy2\cache\org.apache.commons\commons-lang3\jars\commons-lang3-3.4.jar, C:\Users\maboxler\.ivy2\cache\org.scala-lang.modules\scala-xml_2.11\bundles\scala-xml_2.11-1.0.1.jar, C:\Users\maboxler\.ivy2\cache\org.scala-lang.modules\scala-parser-combinators_2.11\bundles\scala-parser-combinators_2.11-1.0.1.jar, C:\Users\maboxler\.ivy2\cache\ch.qos.logback\logback-core\jars\logback-core-1.1.3.jar, C:\Users\maboxler\.ivy2\cache\ch.qos.logback\logback-classic\jars\logback-classic-1.1.3.jar, C:\Users\maboxler\.ivy2\cache\com.typesafe.akka\akka-actor_2.11\jars\akka-actor_2.11-2.3.13.jar, C:\Users\maboxler\.ivy2\cache\com.typesafe.akka\akka-slf4j_2.11\jars\akka-slf4j_2.11-2.3.13.jar, C:\Users\maboxler\.ivy2\cache\commons-codec\commons-codec\jars\commons-codec-1.10.jar, C:\Users\maboxler\.ivy2\cache\xerces\xercesImpl\jars\xercesImpl-2.11.0.jar, C:\Users\maboxler\.ivy2\cache\xml-apis\xml-apis\jars\xml-apis-1.4.01.jar, C:\Users\maboxler\.ivy2\cache\javax.transaction\jta\jars\jta-1.1.jar, C:\Users\maboxler\.ivy2\cache\com.google.inject\guice\jars\guice-4.0.jar, C:\Users\maboxler\.ivy2\cache\javax.inject\javax.inject\jars\javax.inject-1.jar, C:\Users\maboxler\.ivy2\cache\aopalliance\aopalliance\jars\aopalliance-1.0.jar, C:\Users\maboxler\.ivy2\cache\com.google.guava\guava\bundles\guava-16.0.1.jar, C:\Users\maboxler\.ivy2\cache\com.google.inject.extensions\guice-assistedinject\jars\guice-assistedinject-4.0.jar, C:\Users\maboxler\.ivy2\cache\io.netty\netty\bundles\netty-3.10.4.Final.jar, C:\Users\maboxler\.ivy2\cache\com.typesafe.netty\netty-http-pipelining\jars\netty-http-pipelining-1.1.4.jar, C:\Users\maboxler\.ivy2\cache\com.typesafe.play\play-doc_2.11\jars\play-doc_2.11-1.2.2.jar, C:\Users\maboxler\.ivy2\cache\org.pegdown\pegdown\jars\pegdown-1.4.0.jar, C:\Users\maboxler\.ivy2\cache\org.parboiled\parboiled-java\bundles\parboiled-java-1.1.5.jar, C:\Users\maboxler\.ivy2\cache\org.parboiled\parboiled-core\bundles\parboiled-core-1.1.5.jar, C:\Users\maboxler\.ivy2\cache\org.ow2.asm\asm\jars\asm-4.1.jar, C:\Users\maboxler\.ivy2\cache\org.ow2.asm\asm-tree\jars\asm-tree-4.1.jar, C:\Users\maboxler\.ivy2\cache\org.ow2.asm\asm-analysis\jars\asm-analysis-4.1.jar, C:\Users\maboxler\.ivy2\cache\org.ow2.asm\asm-util\jars\asm-util-4.1.jar, C:\Users\maboxler\.ivy2\cache\commons-io\commons-io\jars\commons-io-2.4.jar),Some(C:\Users\maboxler\.ivy2\cache\com.typesafe.play\play-omnidoc_2.11\jars\play-omnidoc_2.11-2.4.3.jar),List(),9000,0.0.0.0,DefaultWatchService,List(Z:\5 Semester\WebTechnologien\Git Play\WebTechPlay\Play\UChess beta\public, Z:\5 Semester\WebTechnologien\Git Play\WebTechPlay\Play\UChess beta\conf, Z:\5 Semester\WebTechnologien\Git Play\WebTechPlay\Play\UChess beta\app-2.11, Z:\5 Semester\WebTechnologien\Git Play\WebTechPlay\Play\UChess beta\app),Z:\5 Semester\WebTechnologien\Git Play\WebTechPlay\Play\UChess beta\target,500,root/playForkNotifyStart,root/playForkReload,300000,play.core.server.DevServerStart))))
Sending msg to client play-fork-run-2cefe975-68bb-48de-abac-36656fa95a20: TaskStarted(26,2670,None)
Sending msg to client play-fork-run-2cefe975-68bb-48de-abac-36656fa95a20: TaskFinished(26,2670,None,true,None)
Sending msg to client play-fork-run-2cefe975-68bb-48de-abac-36656fa95a20: TaskStarted(26,2669,None)
Sending msg to client play-fork-run-2cefe975-68bb-48de-abac-36656fa95a20: TaskFinished(26,2669,None,true,None)
Sending msg to client play-fork-run-2cefe975-68bb-48de-abac-36656fa95a20: DetachedLogEvent(LogMessage(debug,cancel strategy finish enabled=false lastCommand=Some(LastCommand(CommandExecutionWork(ExecutionId(26),{file:/Z:/5%20Semester/WebTechnologien/Git%20Play/WebTechPlay/Play/UChess%20beta/}root/*:playForkConfig,Set(LiveClient(play-fork-run 2cefe975-68bb-48de-abac-36656fa95a20)),sbt.server.WorkCancellationStatus$$anon$1@7021f2e1)))))
Sending msg to client play-fork-run-2cefe975-68bb-48de-abac-36656fa95a20: DetachedLogEvent(LogSuccess(Total time: 0 s, completed 25.11.2015 15:37:40))
Sending msg to client play-fork-run-2cefe975-68bb-48de-abac-36656fa95a20: DetachedLogEvent(LogMessage(debug,> server-post-command-cleanup))
Sending msg to client play-fork-run-2cefe975-68bb-48de-abac-36656fa95a20: ExecutionSuccess(26)
Sending msg to client play-fork-run-2cefe975-68bb-48de-abac-36656fa95a20: DetachedLogEvent(LogMessage(debug,> server-handle-next-server-request))
Sending msg to client play-fork-run-2cefe975-68bb-48de-abac-36656fa95a20: BackgroundJobLogEvent(2,LogMessage(info,))
Sending msg to client play-fork-run-2cefe975-68bb-48de-abac-36656fa95a20: BackgroundJobLogEvent(2,LogMessage(info,--- (Running the application, auto-reloading is enabled) ---))
Sending msg to client play-fork-run-2cefe975-68bb-48de-abac-36656fa95a20: BackgroundJobLogEvent(2,LogMessage(info,))
Sending msg to client play-fork-run-2cefe975-68bb-48de-abac-36656fa95a20: BackgroundJobLogEvent(2,LogMessage(info,p.c.s.NettyServer - Listening for HTTP on /0:0:0:0:0:0:0:0:9000))
Sending msg to client play-fork-run-2cefe975-68bb-48de-abac-36656fa95a20: BackgroundJobLogEvent(2,LogMessage(info,))
Sending msg to client play-fork-run-2cefe975-68bb-48de-abac-36656fa95a20: BackgroundJobLogEvent(2,LogMessage(info,(Server started, use Ctrl+D to stop and go back to the console...)))
Sending msg to client play-fork-run-2cefe975-68bb-48de-abac-36656fa95a20: BackgroundJobLogEvent(2,LogMessage(info,))
Got request: ExecutionRequest(root/playForkNotifyStart http://localhost:9000)
Reading next message from client.
Sending msg to client play-fork-run-2cefe975-68bb-48de-abac-36656fa95a20: (8,ExecutionRequestReceived(27))
Sending msg to client play-fork-run-2cefe975-68bb-48de-abac-36656fa95a20: ExecutionWaiting(27,root/playForkNotifyStart http://localhost:9000,ClientInfo(2cefe975-68bb-48de-abac-36656fa95a20,play-fork-run,Play Fork Run,1,Vector()))
Sending msg to client play-fork-run-2cefe975-68bb-48de-abac-36656fa95a20: ExecutionStarting(27)
Sending msg to client play-fork-run-2cefe975-68bb-48de-abac-36656fa95a20: DetachedLogEvent(LogMessage(debug,> root/playForkNotifyStart http://localhost:9000))
Sending msg to client play-fork-run-2cefe975-68bb-48de-abac-36656fa95a20: DetachedLogEvent(LogMessage(debug,Evaluating tasks: *:playForkNotifyStart))
Sending msg to client play-fork-run-2cefe975-68bb-48de-abac-36656fa95a20: DetachedLogEvent(LogMessage(debug,Running task... Cancel: sbt.server.ServerTaskCancellation@543c982, check cycles: false))
Sending msg to client play-fork-run-2cefe975-68bb-48de-abac-36656fa95a20: DetachedLogEvent(LogMessage(debug,cancel strategy start enabled=true lastCommand=Some(LastCommand(CommandExecutionWork(ExecutionId(27),root/playForkNotifyStart http://localhost:9000,Set(LiveClient(play-fork-run 2cefe975-68bb-48de-abac-36656fa95a20)),sbt.server.WorkCancellationStatus$$anon$1@6adaecb3)))))
Sending msg to client play-fork-run-2cefe975-68bb-48de-abac-36656fa95a20: TaskStarted(27,2747,Some(AttributeKey[sbt.SendEventService]("sendEventService") in Scope(Global)))
Sending msg to client play-fork-run-2cefe975-68bb-48de-abac-36656fa95a20: TaskFinished(27,2747,Some(AttributeKey[sbt.SendEventService]("sendEventService") in Scope(Global)),true,None)
Sending msg to client play-fork-run-2cefe975-68bb-48de-abac-36656fa95a20: TaskStarted(27,2746,Some(AttributeKey[scala.Function1[java.lang.String,void]]("playForkStarted") in Scope(Build: file:/Z:/5%20Semester/WebTechnologien/Git%20Play/WebTechPlay/Play/UChess%20beta/, , Project: ProjectReference(file:/Z:/5%20Semester/WebTechnologien/Git%20Play/WebTechPlay/Play/UChess%20beta/,root))))
Sending msg to client play-fork-run-2cefe975-68bb-48de-abac-36656fa95a20: TaskFinished(27,2746,Some(AttributeKey[scala.Function1[java.lang.String,void]]("playForkStarted") in Scope(Build: file:/Z:/5%20Semester/WebTechnologien/Git%20Play/WebTechPlay/Play/UChess%20beta/, , Project: ProjectReference(file:/Z:/5%20Semester/WebTechnologien/Git%20Play/WebTechPlay/Play/UChess%20beta/,root))),true,None)
Sending msg to client play-fork-run-2cefe975-68bb-48de-abac-36656fa95a20: TaskStarted(27,2745,Some(AttributeKey[void]("playForkNotifyStart") in Scope(Build: file:/Z:/5%20Semester/WebTechnologien/Git%20Play/WebTechPlay/Play/UChess%20beta/, , Project: ProjectReference(file:/Z:/5%20Semester/WebTechnologien/Git%20Play/WebTechPlay/Play/UChess%20beta/,root))))
Sending msg to client play-fork-run-2cefe975-68bb-48de-abac-36656fa95a20: TaskEvent(2745,LazyValue(PlayServerStarted(http://localhost:9000),play.forkrun.protocol.Serializers$PlayForkrunProtocolPlayServerStartedPickler1$2$@4d6c8be1))
Sending msg to client play-fork-run-2cefe975-68bb-48de-abac-36656fa95a20: TaskFinished(27,2745,Some(AttributeKey[void]("playForkNotifyStart") in Scope(Build: file:/Z:/5%20Semester/WebTechnologien/Git%20Play/WebTechPlay/Play/UChess%20beta/, , Project: ProjectReference(file:/Z:/5%20Semester/WebTechnologien/Git%20Play/WebTechPlay/Play/UChess%20beta/,root))),true,None)
Sending msg to client play-fork-run-2cefe975-68bb-48de-abac-36656fa95a20: TaskStarted(27,2744,None)
Sending msg to client play-fork-run-2cefe975-68bb-48de-abac-36656fa95a20: TaskFinished(27,2744,None,true,None)
Sending msg to client play-fork-run-2cefe975-68bb-48de-abac-36656fa95a20: TaskStarted(27,2743,None)
Sending msg to client play-fork-run-2cefe975-68bb-48de-abac-36656fa95a20: TaskFinished(27,2743,None,true,None)
Sending msg to client play-fork-run-2cefe975-68bb-48de-abac-36656fa95a20: DetachedLogEvent(LogMessage(debug,cancel strategy finish enabled=false lastCommand=Some(LastCommand(CommandExecutionWork(ExecutionId(27),root/playForkNotifyStart http://localhost:9000,Set(LiveClient(play-fork-run 2cefe975-68bb-48de-abac-36656fa95a20)),sbt.server.WorkCancellationStatus$$anon$1@6adaecb3)))))
Sending msg to client play-fork-run-2cefe975-68bb-48de-abac-36656fa95a20: DetachedLogEvent(LogSuccess(Total time: 0 s, completed 25.11.2015 15:37:40))
Sending msg to client play-fork-run-2cefe975-68bb-48de-abac-36656fa95a20: DetachedLogEvent(LogMessage(debug,> server-post-command-cleanup))
Sending msg to client play-fork-run-2cefe975-68bb-48de-abac-36656fa95a20: ExecutionSuccess(27)
Sending msg to client play-fork-run-2cefe975-68bb-48de-abac-36656fa95a20: DetachedLogEvent(LogMessage(debug,> server-handle-next-server-request))
Sending msg to client play-fork-run-2cefe975-68bb-48de-abac-36656fa95a20: ExecutionWaiting(28,jobStop 2,ClientInfo(906b40d7-244d-48ce-9843-8ae86d049af9,activator,Activator,3,Vector()))
Sending msg to client play-fork-run-2cefe975-68bb-48de-abac-36656fa95a20: ExecutionStarting(28)
Sending msg to client play-fork-run-2cefe975-68bb-48de-abac-36656fa95a20: DetachedLogEvent(LogMessage(debug,> jobStop 2))
Sending msg to client play-fork-run-2cefe975-68bb-48de-abac-36656fa95a20: DetachedLogEvent(LogMessage(debug,Evaluating tasks: *:jobStop))
Sending msg to client play-fork-run-2cefe975-68bb-48de-abac-36656fa95a20: DetachedLogEvent(LogMessage(debug,Running task... Cancel: sbt.server.ServerTaskCancellation@19d6533b, check cycles: false))
Sending msg to client play-fork-run-2cefe975-68bb-48de-abac-36656fa95a20: DetachedLogEvent(LogMessage(debug,cancel strategy start enabled=true lastCommand=Some(LastCommand(CommandExecutionWork(ExecutionId(28),jobStop 2,Set(LiveClient(activator 906b40d7-244d-48ce-9843-8ae86d049af9)),sbt.server.WorkCancellationStatus$$anon$1@49173bd9)))))
Sending msg to client play-fork-run-2cefe975-68bb-48de-abac-36656fa95a20: TaskStarted(28,2750,Some(AttributeKey[void]("jobStop") in Scope(Global)))
Sending msg to client play-fork-run-2cefe975-68bb-48de-abac-36656fa95a20: TaskFinished(28,2750,Some(AttributeKey[void]("jobStop") in Scope(Global)),true,None)
Sending msg to client play-fork-run-2cefe975-68bb-48de-abac-36656fa95a20: TaskStarted(28,2749,None)
Sending msg to client play-fork-run-2cefe975-68bb-48de-abac-36656fa95a20: BackgroundJobLogEvent(2,LogMessage(info,Stopping Play fork run ...))
Sending msg to client play-fork-run-2cefe975-68bb-48de-abac-36656fa95a20: TaskFinished(28,2749,None,true,None)
Sending msg to client play-fork-run-2cefe975-68bb-48de-abac-36656fa95a20: TaskStarted(28,2748,None)
Sending msg to client play-fork-run-2cefe975-68bb-48de-abac-36656fa95a20: TaskFinished(28,2748,None,true,None)
Sending msg to client play-fork-run-2cefe975-68bb-48de-abac-36656fa95a20: DetachedLogEvent(LogMessage(debug,cancel strategy finish enabled=false lastCommand=Some(LastCommand(CommandExecutionWork(ExecutionId(28),jobStop 2,Set(LiveClient(activator 906b40d7-244d-48ce-9843-8ae86d049af9)),sbt.server.WorkCancellationStatus$$anon$1@49173bd9)))))
Sending msg to client play-fork-run-2cefe975-68bb-48de-abac-36656fa95a20: DetachedLogEvent(LogSuccess(Total time: 0 s, completed 25.11.2015 15:37:52))
Sending msg to client play-fork-run-2cefe975-68bb-48de-abac-36656fa95a20: DetachedLogEvent(LogMessage(debug,> server-post-command-cleanup))
Sending msg to client play-fork-run-2cefe975-68bb-48de-abac-36656fa95a20: ExecutionSuccess(28)
Sending msg to client play-fork-run-2cefe975-68bb-48de-abac-36656fa95a20: DetachedLogEvent(LogMessage(debug,> server-handle-next-server-request))
Got request: UnlistenToEvents()
Reading next message from client.
Sending msg to client play-fork-run-2cefe975-68bb-48de-abac-36656fa95a20: (9,ReceivedResponse())
Got request: UnlistenToValue(AttributeKey[play.forkrun.protocol.ForkConfig]("playForkConfig") in Scope(Build: file:/Z:/5%20Semester/WebTechnologien/Git%20Play/WebTechPlay/Play/UChess%20beta/, , Project: ProjectReference(file:/Z:/5%20Semester/WebTechnologien/Git%20Play/WebTechPlay/Play/UChess%20beta/,root)))
Reading next message from client.
Client play-fork-run-2cefe975-68bb-48de-abac-36656fa95a20 EOF, shutting down.
Stopping client.
Client play-fork-run-2cefe975-68bb-48de-abac-36656fa95a20 thread exiting.
Dropping message (10,ReceivedResponse()) to dead client play-fork-run-2cefe975-68bb-48de-abac-36656fa95a20
Dropping message (0,ReceivedResponse()) to dead client play-fork-run-2cefe975-68bb-48de-abac-36656fa95a20
